<?xml version="1.0" encoding="UTF-8"?>
<coverage generated="1659887195602" clover="3.2.0">
  <project timestamp="1659887195602" name="All files">
    <metrics statements="480" coveredstatements="468" conditionals="77" coveredconditionals="66" methods="133" coveredmethods="127" elements="690" coveredelements="661" complexity="0" loc="480" ncloc="480" packages="13" files="48" classes="48"/>
    <package name="clean-code-architecture">
      <metrics statements="2" coveredstatements="2" conditionals="0" coveredconditionals="0" methods="0" coveredmethods="0"/>
      <file name="knexfile.ts" path="/home/bagnascojhoel/mycode/clean-code-architecture/knexfile.ts">
        <metrics statements="2" coveredstatements="2" conditionals="0" coveredconditionals="0" methods="0" coveredmethods="0"/>
        <line num="3" count="12" type="stmt"/>
        <line num="54" count="12" type="stmt"/>
      </file>
    </package>
    <package name="clean-code-architecture.src.application.use-case">
      <metrics statements="83" coveredstatements="83" conditionals="9" coveredconditionals="9" methods="21" coveredmethods="21"/>
      <file name="CancellOrderUseCase.ts" path="/home/bagnascojhoel/mycode/clean-code-architecture/src/application/use-case/CancellOrderUseCase.ts">
        <metrics statements="10" coveredstatements="10" conditionals="1" coveredconditionals="1" methods="2" coveredmethods="2"/>
        <line num="1" count="1" type="stmt"/>
        <line num="6" count="1" type="stmt"/>
        <line num="10" count="1" type="stmt"/>
        <line num="14" count="3" type="stmt"/>
        <line num="15" count="3" type="cond" truecount="1" falsecount="0"/>
        <line num="16" count="1" type="stmt"/>
        <line num="17" count="1" type="stmt"/>
        <line num="19" count="2" type="stmt"/>
        <line num="20" count="2" type="stmt"/>
        <line num="21" count="2" type="stmt"/>
      </file>
      <file name="ChangeWarehouseItemPriceUseCase.ts" path="/home/bagnascojhoel/mycode/clean-code-architecture/src/application/use-case/ChangeWarehouseItemPriceUseCase.ts">
        <metrics statements="8" coveredstatements="8" conditionals="1" coveredconditionals="1" methods="2" coveredmethods="2"/>
        <line num="4" count="1" type="stmt"/>
        <line num="9" count="1" type="stmt"/>
        <line num="14" count="2" type="stmt"/>
        <line num="15" count="2" type="stmt"/>
        <line num="19" count="2" type="stmt"/>
        <line num="20" count="2" type="cond" truecount="1" falsecount="0"/>
        <line num="21" count="1" type="stmt"/>
        <line num="22" count="1" type="stmt"/>
      </file>
      <file name="FetchOrderUseCase.ts" path="/home/bagnascojhoel/mycode/clean-code-architecture/src/application/use-case/FetchOrderUseCase.ts">
        <metrics statements="7" coveredstatements="7" conditionals="2" coveredconditionals="2" methods="2" coveredmethods="2"/>
        <line num="3" count="1" type="stmt"/>
        <line num="7" count="1" type="stmt"/>
        <line num="10" count="1" type="stmt"/>
        <line num="11" count="1" type="stmt"/>
        <line num="15" count="2" type="stmt"/>
        <line num="16" count="2" type="cond" truecount="2" falsecount="0"/>
        <line num="17" count="1" type="stmt"/>
      </file>
      <file name="ListOrdersUseCase.ts" path="/home/bagnascojhoel/mycode/clean-code-architecture/src/application/use-case/ListOrdersUseCase.ts">
        <metrics statements="5" coveredstatements="5" conditionals="0" coveredconditionals="0" methods="2" coveredmethods="2"/>
        <line num="5" count="1" type="stmt"/>
        <line num="8" count="1" type="stmt"/>
        <line num="9" count="1" type="stmt"/>
        <line num="13" count="2" type="stmt"/>
        <line num="14" count="2" type="stmt"/>
      </file>
      <file name="PlaceOrderUseCase.ts" path="/home/bagnascojhoel/mycode/clean-code-architecture/src/application/use-case/PlaceOrderUseCase.ts">
        <metrics statements="27" coveredstatements="27" conditionals="3" coveredconditionals="3" methods="6" coveredmethods="6"/>
        <line num="1" count="2" type="stmt"/>
        <line num="2" count="2" type="stmt"/>
        <line num="4" count="2" type="stmt"/>
        <line num="5" count="2" type="stmt"/>
        <line num="6" count="2" type="stmt"/>
        <line num="14" count="2" type="stmt"/>
        <line num="20" count="5" type="stmt"/>
        <line num="21" count="5" type="stmt"/>
        <line num="22" count="5" type="stmt"/>
        <line num="23" count="5" type="stmt"/>
        <line num="24" count="5" type="stmt"/>
        <line num="29" count="6" type="stmt"/>
        <line num="30" count="5" type="stmt"/>
        <line num="31" count="5" type="stmt"/>
        <line num="32" count="5" type="stmt"/>
        <line num="33" count="5" type="stmt"/>
        <line num="34" count="5" type="stmt"/>
        <line num="35" count="5" type="cond" truecount="1" falsecount="0"/>
        <line num="36" count="4" type="stmt"/>
        <line num="40" count="2" type="stmt"/>
        <line num="41" count="2" type="cond" truecount="1" falsecount="0"/>
        <line num="42" count="1" type="stmt"/>
        <line num="43" count="1" type="stmt"/>
        <line num="47" count="6" type="stmt"/>
        <line num="48" count="6" type="stmt"/>
        <line num="49" count="6" type="cond" truecount="1" falsecount="0"/>
        <line num="50" count="5" type="stmt"/>
      </file>
      <file name="SimulateFreightUseCase.ts" path="/home/bagnascojhoel/mycode/clean-code-architecture/src/application/use-case/SimulateFreightUseCase.ts">
        <metrics statements="19" coveredstatements="19" conditionals="1" coveredconditionals="1" methods="5" coveredmethods="5"/>
        <line num="1" count="1" type="stmt"/>
        <line num="2" count="1" type="stmt"/>
        <line num="3" count="1" type="stmt"/>
        <line num="4" count="1" type="stmt"/>
        <line num="9" count="1" type="stmt"/>
        <line num="10" count="1" type="stmt"/>
        <line num="11" count="1" type="stmt"/>
        <line num="12" count="1" type="stmt"/>
        <line num="15" count="1" type="stmt"/>
        <line num="16" count="1" type="stmt"/>
        <line num="20" count="2" type="stmt"/>
        <line num="21" count="1" type="stmt"/>
        <line num="22" count="1" type="stmt"/>
        <line num="23" count="1" type="stmt"/>
        <line num="24" count="3" type="stmt"/>
        <line num="25" count="2" type="cond" truecount="1" falsecount="0"/>
        <line num="26" count="2" type="stmt"/>
        <line num="28" count="1" type="stmt"/>
        <line num="29" count="1" type="stmt"/>
      </file>
      <file name="ValidateCouponUseCase.ts" path="/home/bagnascojhoel/mycode/clean-code-architecture/src/application/use-case/ValidateCouponUseCase.ts">
        <metrics statements="7" coveredstatements="7" conditionals="1" coveredconditionals="1" methods="2" coveredmethods="2"/>
        <line num="1" count="1" type="stmt"/>
        <line num="5" count="1" type="stmt"/>
        <line num="8" count="1" type="stmt"/>
        <line num="9" count="1" type="stmt"/>
        <line num="13" count="3" type="stmt"/>
        <line num="14" count="3" type="cond" truecount="1" falsecount="0"/>
        <line num="15" count="2" type="stmt"/>
      </file>
    </package>
    <package name="clean-code-architecture.src.domain.entity">
      <metrics statements="70" coveredstatements="70" conditionals="17" coveredconditionals="16" methods="23" coveredmethods="23"/>
      <file name="Address.ts" path="/home/bagnascojhoel/mycode/clean-code-architecture/src/domain/entity/Address.ts">
        <metrics statements="4" coveredstatements="4" conditionals="0" coveredconditionals="0" methods="2" coveredmethods="2"/>
        <line num="1" count="4" type="stmt"/>
        <line num="2" count="4" type="stmt"/>
        <line num="4" count="4" type="stmt"/>
        <line num="11" count="4" type="stmt"/>
      </file>
      <file name="AppliedCoupon.ts" path="/home/bagnascojhoel/mycode/clean-code-architecture/src/domain/entity/AppliedCoupon.ts">
        <metrics statements="3" coveredstatements="3" conditionals="0" coveredconditionals="0" methods="1" coveredmethods="1"/>
        <line num="4" count="3" type="stmt"/>
        <line num="6" count="3" type="stmt"/>
        <line num="7" count="3" type="stmt"/>
      </file>
      <file name="Coupon.ts" path="/home/bagnascojhoel/mycode/clean-code-architecture/src/domain/entity/Coupon.ts">
        <metrics statements="15" coveredstatements="15" conditionals="5" coveredconditionals="4" methods="5" coveredmethods="5"/>
        <line num="1" count="12" type="stmt"/>
        <line num="4" count="12" type="stmt"/>
        <line num="7" count="21" type="stmt"/>
        <line num="8" count="21" type="stmt"/>
        <line num="9" count="21" type="stmt"/>
        <line num="11" count="21" type="cond" truecount="1" falsecount="0"/>
        <line num="12" count="20" type="cond" truecount="1" falsecount="0"/>
        <line num="13" count="19" type="cond" truecount="1" falsecount="0"/>
        <line num="14" count="18" type="stmt"/>
        <line num="15" count="18" type="stmt"/>
        <line num="16" count="18" type="stmt"/>
        <line num="20" count="21" type="stmt"/>
        <line num="24" count="3" type="cond" truecount="1" falsecount="1"/>
        <line num="28" count="2" type="stmt"/>
        <line num="32" count="9" type="stmt"/>
      </file>
      <file name="Cpf.ts" path="/home/bagnascojhoel/mycode/clean-code-architecture/src/domain/entity/Cpf.ts">
        <metrics statements="18" coveredstatements="18" conditionals="6" coveredconditionals="6" methods="8" coveredmethods="8"/>
        <line num="1" count="13" type="stmt"/>
        <line num="3" count="13" type="stmt"/>
        <line num="7" count="43" type="cond" truecount="1" falsecount="0"/>
        <line num="8" count="40" type="cond" truecount="1" falsecount="0"/>
        <line num="9" count="34" type="stmt"/>
        <line num="13" count="44" type="cond" truecount="1" falsecount="0"/>
        <line num="14" count="43" type="stmt"/>
        <line num="18" count="21" type="stmt"/>
        <line num="22" count="40" type="stmt"/>
        <line num="23" count="40" type="cond" truecount="1" falsecount="0"/>
        <line num="24" count="38" type="cond" truecount="1" falsecount="0"/>
        <line num="25" count="37" type="stmt"/>
        <line num="26" count="37" type="cond" truecount="1" falsecount="0"/>
        <line num="27" count="35" type="stmt"/>
        <line num="28" count="35" type="stmt"/>
        <line num="32" count="74" type="stmt"/>
        <line num="36" count="40" type="stmt"/>
        <line num="40" count="103" type="stmt"/>
      </file>
      <file name="CpfVerifierDigit.ts" path="/home/bagnascojhoel/mycode/clean-code-architecture/src/domain/entity/CpfVerifierDigit.ts">
        <metrics statements="10" coveredstatements="10" conditionals="4" coveredconditionals="4" methods="3" coveredmethods="3"/>
        <line num="1" count="14" type="stmt"/>
        <line num="6" count="75" type="stmt"/>
        <line num="7" count="75" type="stmt"/>
        <line num="11" count="76" type="stmt"/>
        <line num="12" count="76" type="stmt"/>
        <line num="16" count="76" type="stmt"/>
        <line num="17" count="76" type="cond" truecount="2" falsecount="0"/>
        <line num="18" count="719" type="stmt"/>
        <line num="20" count="76" type="stmt"/>
        <line num="21" count="76" type="cond" truecount="2" falsecount="0"/>
      </file>
      <file name="Freight.ts" path="/home/bagnascojhoel/mycode/clean-code-architecture/src/domain/entity/Freight.ts">
        <metrics statements="18" coveredstatements="18" conditionals="2" coveredconditionals="2" methods="3" coveredmethods="3"/>
        <line num="1" count="3" type="stmt"/>
        <line num="5" count="3" type="stmt"/>
        <line num="7" count="3" type="stmt"/>
        <line num="11" count="9" type="stmt"/>
        <line num="12" count="9" type="stmt"/>
        <line num="13" count="9" type="stmt"/>
        <line num="16" count="9" type="stmt"/>
        <line num="17" count="9" type="stmt"/>
        <line num="18" count="9" type="stmt"/>
        <line num="19" count="9" type="stmt"/>
        <line num="23" count="6" type="stmt"/>
        <line num="24" count="7" type="stmt"/>
        <line num="25" count="7" type="stmt"/>
        <line num="26" count="7" type="stmt"/>
        <line num="27" count="7" type="stmt"/>
        <line num="29" count="6" type="stmt"/>
        <line num="30" count="6" type="stmt"/>
        <line num="31" count="6" type="cond" truecount="2" falsecount="0"/>
      </file>
      <file name="FreightableItem.ts" path="/home/bagnascojhoel/mycode/clean-code-architecture/src/domain/entity/FreightableItem.ts">
        <metrics statements="2" coveredstatements="2" conditionals="0" coveredconditionals="0" methods="1" coveredmethods="1"/>
        <line num="3" count="3" type="stmt"/>
        <line num="4" count="10" type="stmt"/>
      </file>
    </package>
    <package name="clean-code-architecture.src.domain.entity.order">
      <metrics statements="35" coveredstatements="35" conditionals="8" coveredconditionals="8" methods="9" coveredmethods="9"/>
      <file name="Order.ts" path="/home/bagnascojhoel/mycode/clean-code-architecture/src/domain/entity/order/Order.ts">
        <metrics statements="18" coveredstatements="18" conditionals="4" coveredconditionals="4" methods="4" coveredmethods="4"/>
        <line num="2" count="12" type="stmt"/>
        <line num="6" count="12" type="stmt"/>
        <line num="11" count="33" type="stmt"/>
        <line num="12" count="33" type="stmt"/>
        <line num="14" count="33" type="stmt"/>
        <line num="16" count="33" type="cond" truecount="1" falsecount="0"/>
        <line num="17" count="32" type="cond" truecount="1" falsecount="0"/>
        <line num="18" count="31" type="stmt"/>
        <line num="19" count="31" type="stmt"/>
        <line num="20" count="30" type="stmt"/>
        <line num="21" count="30" type="stmt"/>
        <line num="25" count="7" type="stmt"/>
        <line num="29" count="32" type="stmt"/>
        <line num="30" count="32" type="stmt"/>
        <line num="31" count="34" type="cond" truecount="2" falsecount="0"/>
        <line num="32" count="33" type="stmt"/>
        <line num="33" count="31" type="stmt"/>
        <line num="37" count="23" type="stmt"/>
      </file>
      <file name="OrderCode.ts" path="/home/bagnascojhoel/mycode/clean-code-architecture/src/domain/entity/order/OrderCode.ts">
        <metrics statements="13" coveredstatements="13" conditionals="3" coveredconditionals="3" methods="4" coveredmethods="4"/>
        <line num="1" count="13" type="stmt"/>
        <line num="4" count="13" type="stmt"/>
        <line num="6" count="13" type="stmt"/>
        <line num="10" count="33" type="cond" truecount="1" falsecount="0"/>
        <line num="11" count="32" type="cond" truecount="1" falsecount="0"/>
        <line num="12" count="31" type="cond" truecount="1" falsecount="0"/>
        <line num="13" count="30" type="stmt"/>
        <line num="17" count="6" type="stmt"/>
        <line num="18" count="6" type="stmt"/>
        <line num="19" count="6" type="stmt"/>
        <line num="23" count="59" type="stmt"/>
        <line num="27" count="30" type="stmt"/>
        <line num="28" count="30" type="stmt"/>
      </file>
      <file name="OrderItem.ts" path="/home/bagnascojhoel/mycode/clean-code-architecture/src/domain/entity/order/OrderItem.ts">
        <metrics statements="4" coveredstatements="4" conditionals="1" coveredconditionals="1" methods="1" coveredmethods="1"/>
        <line num="3" count="13" type="stmt"/>
        <line num="5" count="37" type="stmt"/>
        <line num="6" count="37" type="stmt"/>
        <line num="8" count="37" type="cond" truecount="1" falsecount="0"/>
      </file>
    </package>
    <package name="clean-code-architecture.src.domain.entity.physical-attributes">
      <metrics statements="46" coveredstatements="46" conditionals="5" coveredconditionals="5" methods="10" coveredmethods="10"/>
      <file name="MeasureUnit.ts" path="/home/bagnascojhoel/mycode/clean-code-architecture/src/domain/entity/physical-attributes/MeasureUnit.ts">
        <metrics statements="4" coveredstatements="4" conditionals="0" coveredconditionals="0" methods="0" coveredmethods="0"/>
        <line num="1" count="19" type="stmt"/>
        <line num="16" count="19" type="stmt"/>
        <line num="35" count="19" type="stmt"/>
        <line num="50" count="19" type="stmt"/>
      </file>
      <file name="PhysicalAttributes.ts" path="/home/bagnascojhoel/mycode/clean-code-architecture/src/domain/entity/physical-attributes/PhysicalAttributes.ts">
        <metrics statements="20" coveredstatements="20" conditionals="1" coveredconditionals="1" methods="5" coveredmethods="5"/>
        <line num="1" count="16" type="stmt"/>
        <line num="2" count="16" type="stmt"/>
        <line num="3" count="16" type="stmt"/>
        <line num="6" count="16" type="stmt"/>
        <line num="9" count="59" type="stmt"/>
        <line num="10" count="59" type="stmt"/>
        <line num="11" count="59" type="stmt"/>
        <line num="12" count="59" type="stmt"/>
        <line num="14" count="59" type="cond" truecount="1" falsecount="0"/>
        <line num="15" count="58" type="stmt"/>
        <line num="16" count="58" type="stmt"/>
        <line num="17" count="58" type="stmt"/>
        <line num="18" count="58" type="stmt"/>
        <line num="22" count="8" type="stmt"/>
        <line num="23" count="8" type="stmt"/>
        <line num="24" count="8" type="stmt"/>
        <line num="28" count="16" type="stmt"/>
        <line num="31" count="16" type="stmt"/>
        <line num="36" count="59" type="stmt"/>
        <line num="37" count="177" type="stmt"/>
      </file>
      <file name="SpaceMeasure.ts" path="/home/bagnascojhoel/mycode/clean-code-architecture/src/domain/entity/physical-attributes/SpaceMeasure.ts">
        <metrics statements="14" coveredstatements="14" conditionals="4" coveredconditionals="4" methods="3" coveredmethods="3"/>
        <line num="1" count="18" type="stmt"/>
        <line num="2" count="18" type="stmt"/>
        <line num="4" count="18" type="stmt"/>
        <line num="10" count="329" type="stmt"/>
        <line num="11" count="329" type="stmt"/>
        <line num="12" count="329" type="stmt"/>
        <line num="16" count="119" type="cond" truecount="1" falsecount="0"/>
        <line num="17" count="115" type="stmt"/>
        <line num="18" count="115" type="stmt"/>
        <line num="19" count="115" type="stmt"/>
        <line num="23" count="329" type="stmt"/>
        <line num="24" count="329" type="cond" truecount="2" falsecount="0"/>
        <line num="25" count="324" type="cond" truecount="1" falsecount="0"/>
        <line num="26" count="329" type="stmt"/>
      </file>
      <file name="WeightMeasure.ts" path="/home/bagnascojhoel/mycode/clean-code-architecture/src/domain/entity/physical-attributes/WeightMeasure.ts">
        <metrics statements="8" coveredstatements="8" conditionals="0" coveredconditionals="0" methods="2" coveredmethods="2"/>
        <line num="1" count="17" type="stmt"/>
        <line num="4" count="17" type="stmt"/>
        <line num="7" count="94" type="stmt"/>
        <line num="8" count="94" type="stmt"/>
        <line num="9" count="94" type="stmt"/>
        <line num="13" count="31" type="stmt"/>
        <line num="14" count="31" type="stmt"/>
        <line num="15" count="31" type="stmt"/>
      </file>
    </package>
    <package name="clean-code-architecture.src.domain.entity.warehouse">
      <metrics statements="13" coveredstatements="13" conditionals="0" coveredconditionals="0" methods="4" coveredmethods="4"/>
      <file name="WarehouseItem.ts" path="/home/bagnascojhoel/mycode/clean-code-architecture/src/domain/entity/warehouse/WarehouseItem.ts">
        <metrics statements="7" coveredstatements="7" conditionals="0" coveredconditionals="0" methods="1" coveredmethods="1"/>
        <line num="3" count="14" type="stmt"/>
        <line num="5" count="47" type="stmt"/>
        <line num="6" count="47" type="stmt"/>
        <line num="7" count="47" type="stmt"/>
        <line num="9" count="47" type="stmt"/>
        <line num="10" count="47" type="stmt"/>
        <line num="11" count="47" type="stmt"/>
      </file>
      <file name="WarehousePriceEntry.ts" path="/home/bagnascojhoel/mycode/clean-code-architecture/src/domain/entity/warehouse/WarehousePriceEntry.ts">
        <metrics statements="6" coveredstatements="6" conditionals="0" coveredconditionals="0" methods="3" coveredmethods="3"/>
        <line num="5" count="11" type="stmt"/>
        <line num="11" count="18" type="stmt"/>
        <line num="12" count="18" type="stmt"/>
        <line num="13" count="18" type="stmt"/>
        <line num="17" count="18" type="stmt"/>
        <line num="21" count="9" type="stmt"/>
      </file>
    </package>
    <package name="clean-code-architecture.src.domain.service">
      <metrics statements="25" coveredstatements="23" conditionals="13" coveredconditionals="11" methods="7" coveredmethods="7"/>
      <file name="OrderPriceCalculator.ts" path="/home/bagnascojhoel/mycode/clean-code-architecture/src/domain/service/OrderPriceCalculator.ts">
        <metrics statements="18" coveredstatements="17" conditionals="5" coveredconditionals="5" methods="4" coveredmethods="4"/>
        <line num="1" count="1" type="stmt"/>
        <line num="8" count="1" type="stmt"/>
        <line num="12" count="4" type="stmt"/>
        <line num="13" count="4" type="stmt"/>
        <line num="14" count="4" type="stmt"/>
        <line num="15" count="4" type="stmt"/>
        <line num="17" count="4" type="stmt"/>
        <line num="21" count="2" type="stmt"/>
        <line num="22" count="2" type="stmt"/>
        <line num="23" count="2" type="cond" truecount="2" falsecount="0"/>
        <line num="24" count="2" type="stmt"/>
        <line num="28" count="4" type="stmt"/>
        <line num="29" count="4" type="stmt"/>
        <line num="30" count="4" type="stmt"/>
        <line num="31" count="4" type="cond" truecount="3" falsecount="0"/>
        <line num="32" count="2" type="stmt"/>
        <line num="33" count="2" type="stmt"/>
        <line num="35" count="0" type="stmt"/>
      </file>
      <file name="WarehousePriceResolver.ts" path="/home/bagnascojhoel/mycode/clean-code-architecture/src/domain/service/WarehousePriceResolver.ts">
        <metrics statements="7" coveredstatements="6" conditionals="8" coveredconditionals="6" methods="3" coveredmethods="3"/>
        <line num="6" count="1" type="stmt"/>
        <line num="8" count="3" type="stmt"/>
        <line num="9" count="4" type="cond" truecount="4" falsecount="0"/>
        <line num="13" count="3" type="cond" truecount="1" falsecount="0"/>
        <line num="14" count="1" type="stmt"/>
        <line num="18" count="1" type="cond" truecount="1" falsecount="0"/>
        <line num="19" count="0" type="cond" truecount="0" falsecount="2"/>
      </file>
    </package>
    <package name="clean-code-architecture.src.infrastructure.database">
      <metrics statements="14" coveredstatements="12" conditionals="5" coveredconditionals="2" methods="6" coveredmethods="5"/>
      <file name="DatabaseConnectionKnexAdapter.ts" path="/home/bagnascojhoel/mycode/clean-code-architecture/src/infrastructure/database/DatabaseConnectionKnexAdapter.ts">
        <metrics statements="9" coveredstatements="8" conditionals="2" coveredconditionals="1" methods="5" coveredmethods="4"/>
        <line num="2" count="12" type="stmt"/>
        <line num="4" count="12" type="stmt"/>
        <line num="6" count="12" type="stmt"/>
        <line num="10" count="13" type="stmt"/>
        <line num="11" count="13" type="cond" truecount="1" falsecount="1"/>
        <line num="15" count="117" type="stmt"/>
        <line num="19" count="0" type="stmt"/>
        <line num="23" count="280" type="stmt"/>
        <line num="27" count="12" type="stmt"/>
      </file>
      <file name="DatabaseConnectionKnexProperties.ts" path="/home/bagnascojhoel/mycode/clean-code-architecture/src/infrastructure/database/DatabaseConnectionKnexProperties.ts">
        <metrics statements="5" coveredstatements="4" conditionals="3" coveredconditionals="1" methods="1" coveredmethods="1"/>
        <line num="1" count="12" type="stmt"/>
        <line num="3" count="12" type="stmt"/>
        <line num="6" count="13" type="cond" truecount="1" falsecount="2"/>
        <line num="8" count="13" type="stmt"/>
        <line num="11" count="0" type="stmt"/>
      </file>
    </package>
    <package name="clean-code-architecture.src.infrastructure.database.repository">
      <metrics statements="134" coveredstatements="129" conditionals="17" coveredconditionals="15" methods="36" coveredmethods="33"/>
      <file name="AppliedCouponRepositoryDatabase.ts" path="/home/bagnascojhoel/mycode/clean-code-architecture/src/infrastructure/database/repository/AppliedCouponRepositoryDatabase.ts">
        <metrics statements="7" coveredstatements="7" conditionals="1" coveredconditionals="1" methods="2" coveredmethods="2"/>
        <line num="5" count="9" type="stmt"/>
        <line num="6" count="3" type="stmt"/>
        <line num="7" count="3" type="stmt"/>
        <line num="11" count="3" type="stmt"/>
        <line num="12" count="3" type="cond" truecount="1" falsecount="0"/>
        <line num="13" count="2" type="stmt"/>
        <line num="14" count="2" type="stmt"/>
      </file>
      <file name="CouponRepositoryDatabase.ts" path="/home/bagnascojhoel/mycode/clean-code-architecture/src/infrastructure/database/repository/CouponRepositoryDatabase.ts">
        <metrics statements="12" coveredstatements="12" conditionals="2" coveredconditionals="2" methods="3" coveredmethods="3"/>
        <line num="1" count="10" type="stmt"/>
        <line num="2" count="10" type="stmt"/>
        <line num="3" count="10" type="stmt"/>
        <line num="7" count="10" type="stmt"/>
        <line num="8" count="5" type="stmt"/>
        <line num="9" count="5" type="stmt"/>
        <line num="13" count="6" type="stmt"/>
        <line num="14" count="6" type="stmt"/>
        <line num="15" count="6" type="stmt"/>
        <line num="19" count="7" type="stmt"/>
        <line num="20" count="7" type="stmt"/>
        <line num="22" count="7" type="cond" truecount="2" falsecount="0"/>
      </file>
      <file name="DatabaseRepositoryFactory.ts" path="/home/bagnascojhoel/mycode/clean-code-architecture/src/infrastructure/database/repository/DatabaseRepositoryFactory.ts">
        <metrics statements="26" coveredstatements="23" conditionals="6" coveredconditionals="5" methods="7" coveredmethods="6"/>
        <line num="9" count="8" type="stmt"/>
        <line num="10" count="8" type="stmt"/>
        <line num="11" count="8" type="stmt"/>
        <line num="12" count="8" type="stmt"/>
        <line num="13" count="8" type="stmt"/>
        <line num="14" count="8" type="stmt"/>
        <line num="16" count="8" type="stmt"/>
        <line num="24" count="8" type="stmt"/>
        <line num="27" count="11" type="cond" truecount="1" falsecount="0"/>
        <line num="28" count="4" type="stmt"/>
        <line num="29" count="11" type="stmt"/>
        <line num="33" count="5" type="cond" truecount="1" falsecount="0"/>
        <line num="34" count="2" type="stmt"/>
        <line num="35" count="5" type="stmt"/>
        <line num="39" count="7" type="cond" truecount="1" falsecount="0"/>
        <line num="40" count="3" type="stmt"/>
        <line num="41" count="7" type="stmt"/>
        <line num="45" count="14" type="cond" truecount="1" falsecount="0"/>
        <line num="46" count="7" type="stmt"/>
        <line num="47" count="14" type="stmt"/>
        <line num="51" count="4" type="cond" truecount="1" falsecount="0"/>
        <line num="52" count="2" type="stmt"/>
        <line num="53" count="4" type="stmt"/>
        <line num="57" count="0" type="cond" truecount="0" falsecount="1"/>
        <line num="58" count="0" type="stmt"/>
        <line num="59" count="0" type="stmt"/>
      </file>
      <file name="OrderRepositoryDatabase.ts" path="/home/bagnascojhoel/mycode/clean-code-architecture/src/infrastructure/database/repository/OrderRepositoryDatabase.ts">
        <metrics statements="52" coveredstatements="52" conditionals="6" coveredconditionals="5" methods="11" coveredmethods="11"/>
        <line num="1" count="10" type="stmt"/>
        <line num="2" count="10" type="stmt"/>
        <line num="3" count="10" type="stmt"/>
        <line num="4" count="10" type="stmt"/>
        <line num="8" count="10" type="stmt"/>
        <line num="9" count="10" type="stmt"/>
        <line num="11" count="10" type="stmt"/>
        <line num="17" count="10" type="stmt"/>
        <line num="42" count="10" type="stmt"/>
        <line num="46" count="9" type="stmt"/>
        <line num="50" count="3" type="stmt"/>
        <line num="53" count="3" type="stmt"/>
        <line num="57" count="17" type="stmt"/>
        <line num="63" count="17" type="stmt"/>
        <line num="72" count="17" type="stmt"/>
        <line num="73" count="17" type="stmt"/>
        <line num="77" count="7" type="stmt"/>
        <line num="78" count="7" type="stmt"/>
        <line num="79" count="7" type="stmt"/>
        <line num="83" count="8" type="stmt"/>
        <line num="88" count="8" type="stmt"/>
        <line num="89" count="8" type="cond" truecount="1" falsecount="0"/>
        <line num="90" count="5" type="stmt"/>
        <line num="92" count="5" type="stmt"/>
        <line num="98" count="5" type="cond" truecount="1" falsecount="0"/>
        <line num="99" count="2" type="stmt"/>
        <line num="100" count="5" type="stmt"/>
        <line num="104" count="3" type="stmt"/>
        <line num="112" count="3" type="stmt"/>
        <line num="113" count="3" type="stmt"/>
        <line num="117" count="5" type="stmt"/>
        <line num="123" count="5" type="stmt"/>
        <line num="124" count="5" type="stmt"/>
        <line num="128" count="17" type="stmt"/>
        <line num="133" count="17" type="stmt"/>
        <line num="134" count="17" type="stmt"/>
        <line num="135" count="17" type="stmt"/>
        <line num="136" count="17" type="stmt"/>
        <line num="137" count="17" type="stmt"/>
        <line num="139" count="17" type="stmt"/>
        <line num="140" count="17" type="stmt"/>
        <line num="144" count="3" type="stmt"/>
        <line num="145" count="2" type="stmt"/>
        <line num="146" count="2" type="cond" truecount="1" falsecount="1"/>
        <line num="147" count="2" type="stmt"/>
        <line num="149" count="3" type="stmt"/>
        <line num="150" count="3" type="stmt"/>
        <line num="151" count="2" type="stmt"/>
        <line num="152" count="2" type="stmt"/>
        <line num="153" count="2" type="stmt"/>
        <line num="160" count="3" type="stmt"/>
        <line num="164" count="7" type="stmt"/>
      </file>
      <file name="WarehouseItemRepositoryDatabase.ts" path="/home/bagnascojhoel/mycode/clean-code-architecture/src/infrastructure/database/repository/WarehouseItemRepositoryDatabase.ts">
        <metrics statements="23" coveredstatements="23" conditionals="2" coveredconditionals="2" methods="7" coveredmethods="7"/>
        <line num="1" count="10" type="stmt"/>
        <line num="2" count="10" type="stmt"/>
        <line num="3" count="10" type="stmt"/>
        <line num="4" count="10" type="stmt"/>
        <line num="5" count="10" type="stmt"/>
        <line num="9" count="10" type="stmt"/>
        <line num="10" count="10" type="stmt"/>
        <line num="19" count="10" type="stmt"/>
        <line num="21" count="9" type="stmt"/>
        <line num="22" count="9" type="stmt"/>
        <line num="26" count="21" type="stmt"/>
        <line num="39" count="21" type="stmt"/>
        <line num="53" count="2" type="stmt"/>
        <line num="58" count="2" type="stmt"/>
        <line num="59" count="2" type="cond" truecount="2" falsecount="0"/>
        <line num="63" count="4" type="stmt"/>
        <line num="64" count="2" type="stmt"/>
        <line num="69" count="2" type="stmt"/>
        <line num="74" count="10" type="stmt"/>
        <line num="75" count="10" type="stmt"/>
        <line num="76" count="10" type="stmt"/>
        <line num="82" count="5" type="stmt"/>
        <line num="88" count="5" type="stmt"/>
      </file>
      <file name="WarehousePriceEntryRepositoryDatabase.ts" path="/home/bagnascojhoel/mycode/clean-code-architecture/src/infrastructure/database/repository/WarehousePriceEntryRepositoryDatabase.ts">
        <metrics statements="11" coveredstatements="11" conditionals="0" coveredconditionals="0" methods="4" coveredmethods="4"/>
        <line num="1" count="8" type="stmt"/>
        <line num="2" count="8" type="stmt"/>
        <line num="3" count="8" type="stmt"/>
        <line num="7" count="8" type="stmt"/>
        <line num="8" count="2" type="stmt"/>
        <line num="11" count="4" type="stmt"/>
        <line num="14" count="4" type="stmt"/>
        <line num="15" count="4" type="stmt"/>
        <line num="19" count="2" type="stmt"/>
        <line num="30" count="2" type="stmt"/>
        <line num="31" count="2" type="stmt"/>
      </file>
      <file name="WarehouseStockEntryRepositoryDatabase.ts" path="/home/bagnascojhoel/mycode/clean-code-architecture/src/infrastructure/database/repository/WarehouseStockEntryRepositoryDatabase.ts">
        <metrics statements="3" coveredstatements="1" conditionals="0" coveredconditionals="0" methods="2" coveredmethods="0"/>
        <line num="5" count="8" type="stmt"/>
        <line num="7" count="0" type="stmt"/>
        <line num="10" count="0" type="stmt"/>
      </file>
    </package>
    <package name="clean-code-architecture.src.infrastructure.rest.dto">
      <metrics statements="4" coveredstatements="1" conditionals="3" coveredconditionals="0" methods="2" coveredmethods="0"/>
      <file name="ErrorDto.ts" path="/home/bagnascojhoel/mycode/clean-code-architecture/src/infrastructure/rest/dto/ErrorDto.ts">
        <metrics statements="4" coveredstatements="1" conditionals="3" coveredconditionals="0" methods="2" coveredmethods="0"/>
        <line num="1" count="1" type="stmt"/>
        <line num="2" count="0" type="stmt"/>
        <line num="3" count="0" type="cond" truecount="0" falsecount="3"/>
        <line num="7" count="0" type="stmt"/>
      </file>
    </package>
    <package name="clean-code-architecture.test.integration">
      <metrics statements="2" coveredstatements="2" conditionals="0" coveredconditionals="0" methods="1" coveredmethods="1"/>
      <file name="cleanUpDatabase.ts" path="/home/bagnascojhoel/mycode/clean-code-architecture/test/integration/cleanUpDatabase.ts">
        <metrics statements="2" coveredstatements="2" conditionals="0" coveredconditionals="0" methods="1" coveredmethods="1"/>
        <line num="3" count="10" type="stmt"/>
        <line num="4" count="34" type="stmt"/>
      </file>
    </package>
    <package name="clean-code-architecture.test.integration.infrastructure.presentation.rest">
      <metrics statements="1" coveredstatements="1" conditionals="0" coveredconditionals="0" methods="0" coveredmethods="0"/>
      <file name="constants.ts" path="/home/bagnascojhoel/mycode/clean-code-architecture/test/integration/infrastructure/presentation/rest/constants.ts">
        <metrics statements="1" coveredstatements="1" conditionals="0" coveredconditionals="0" methods="0" coveredmethods="0"/>
        <line num="1" count="1" type="stmt"/>
      </file>
    </package>
    <package name="clean-code-architecture.test.object-mother">
      <metrics statements="51" coveredstatements="51" conditionals="0" coveredconditionals="0" methods="14" coveredmethods="14"/>
      <file name="AddressMother.ts" path="/home/bagnascojhoel/mycode/clean-code-architecture/test/object-mother/AddressMother.ts">
        <metrics statements="4" coveredstatements="4" conditionals="0" coveredconditionals="0" methods="2" coveredmethods="2"/>
        <line num="1" count="2" type="stmt"/>
        <line num="5" count="8" type="stmt"/>
        <line num="9" count="7" type="stmt"/>
        <line num="12" count="2" type="stmt"/>
      </file>
      <file name="CouponMother.ts" path="/home/bagnascojhoel/mycode/clean-code-architecture/test/object-mother/CouponMother.ts">
        <metrics statements="6" coveredstatements="6" conditionals="0" coveredconditionals="0" methods="2" coveredmethods="2"/>
        <line num="1" count="3" type="stmt"/>
        <line num="2" count="3" type="stmt"/>
        <line num="3" count="3" type="stmt"/>
        <line num="6" count="3" type="stmt"/>
        <line num="10" count="1" type="stmt"/>
        <line num="13" count="3" type="stmt"/>
      </file>
      <file name="CpfMother.ts" path="/home/bagnascojhoel/mycode/clean-code-architecture/test/object-mother/CpfMother.ts">
        <metrics statements="2" coveredstatements="2" conditionals="0" coveredconditionals="0" methods="1" coveredmethods="1"/>
        <line num="2" count="7" type="stmt"/>
        <line num="5" count="3" type="stmt"/>
      </file>
      <file name="DateTimeMother.ts" path="/home/bagnascojhoel/mycode/clean-code-architecture/test/object-mother/DateTimeMother.ts">
        <metrics statements="3" coveredstatements="3" conditionals="0" coveredconditionals="0" methods="1" coveredmethods="1"/>
        <line num="1" count="8" type="stmt"/>
        <line num="4" count="25" type="stmt"/>
        <line num="7" count="8" type="stmt"/>
      </file>
      <file name="FreightMother.ts" path="/home/bagnascojhoel/mycode/clean-code-architecture/test/object-mother/FreightMother.ts">
        <metrics statements="6" coveredstatements="6" conditionals="0" coveredconditionals="0" methods="1" coveredmethods="1"/>
        <line num="1" count="1" type="stmt"/>
        <line num="2" count="1" type="stmt"/>
        <line num="3" count="1" type="stmt"/>
        <line num="4" count="1" type="stmt"/>
        <line num="7" count="4" type="stmt"/>
        <line num="15" count="1" type="stmt"/>
      </file>
      <file name="FreightableItemMother.ts" path="/home/bagnascojhoel/mycode/clean-code-architecture/test/object-mother/FreightableItemMother.ts">
        <metrics statements="4" coveredstatements="4" conditionals="0" coveredconditionals="0" methods="1" coveredmethods="1"/>
        <line num="2" count="2" type="stmt"/>
        <line num="3" count="2" type="stmt"/>
        <line num="6" count="8" type="stmt"/>
        <line num="9" count="2" type="stmt"/>
      </file>
      <file name="OrderMother.ts" path="/home/bagnascojhoel/mycode/clean-code-architecture/test/object-mother/OrderMother.ts">
        <metrics statements="8" coveredstatements="8" conditionals="0" coveredconditionals="0" methods="1" coveredmethods="1"/>
        <line num="1" count="5" type="stmt"/>
        <line num="2" count="5" type="stmt"/>
        <line num="3" count="5" type="stmt"/>
        <line num="4" count="5" type="stmt"/>
        <line num="5" count="5" type="stmt"/>
        <line num="8" count="15" type="stmt"/>
        <line num="9" count="15" type="stmt"/>
        <line num="17" count="5" type="stmt"/>
      </file>
      <file name="PhysicalAttributesMother.ts" path="/home/bagnascojhoel/mycode/clean-code-architecture/test/object-mother/PhysicalAttributesMother.ts">
        <metrics statements="7" coveredstatements="7" conditionals="0" coveredconditionals="0" methods="2" coveredmethods="2"/>
        <line num="1" count="14" type="stmt"/>
        <line num="2" count="14" type="stmt"/>
        <line num="3" count="14" type="stmt"/>
        <line num="4" count="14" type="stmt"/>
        <line num="7" count="47" type="stmt"/>
        <line num="16" count="3" type="stmt"/>
        <line num="24" count="14" type="stmt"/>
      </file>
      <file name="WarehouseItemMother.ts" path="/home/bagnascojhoel/mycode/clean-code-architecture/test/object-mother/WarehouseItemMother.ts">
        <metrics statements="5" coveredstatements="5" conditionals="0" coveredconditionals="0" methods="2" coveredmethods="2"/>
        <line num="2" count="12" type="stmt"/>
        <line num="3" count="12" type="stmt"/>
        <line num="6" count="38" type="stmt"/>
        <line num="14" count="3" type="stmt"/>
        <line num="21" count="12" type="stmt"/>
      </file>
      <file name="WarehousePriceEntryMother.ts" path="/home/bagnascojhoel/mycode/clean-code-architecture/test/object-mother/WarehousePriceEntryMother.ts">
        <metrics statements="6" coveredstatements="6" conditionals="0" coveredconditionals="0" methods="1" coveredmethods="1"/>
        <line num="1" count="2" type="stmt"/>
        <line num="2" count="2" type="stmt"/>
        <line num="3" count="2" type="stmt"/>
        <line num="4" count="2" type="stmt"/>
        <line num="7" count="3" type="stmt"/>
        <line num="14" count="2" type="stmt"/>
      </file>
    </package>
  </project>
</coverage>
