{"/home/bagnascojhoel/mycode/clean-code-architecture/knexfile.ts": {"path":"/home/bagnascojhoel/mycode/clean-code-architecture/knexfile.ts","statementMap":{"0":{"start":{"line":3,"column":52},"end":{"line":52,"column":null}},"1":{"start":{"line":54,"column":0},"end":{"line":54,"column":null}}},"fnMap":{},"branchMap":{},"s":{"0":12,"1":12},"f":{},"b":{}}
,"/home/bagnascojhoel/mycode/clean-code-architecture/src/application/use-case/CancellOrderUseCase.ts": {"path":"/home/bagnascojhoel/mycode/clean-code-architecture/src/application/use-case/CancellOrderUseCase.ts","statementMap":{"0":{"start":{"line":1,"column":0},"end":{"line":1,"column":33}},"1":{"start":{"line":10,"column":8},"end":{"line":10,"column":null}},"2":{"start":{"line":14,"column":22},"end":{"line":14,"column":67}},"3":{"start":{"line":15,"column":8},"end":{"line":18,"column":null}},"4":{"start":{"line":16,"column":12},"end":{"line":16,"column":null}},"5":{"start":{"line":17,"column":12},"end":{"line":17,"column":19}},"6":{"start":{"line":19,"column":8},"end":{"line":19,"column":null}},"7":{"start":{"line":20,"column":8},"end":{"line":20,"column":null}},"8":{"start":{"line":21,"column":8},"end":{"line":21,"column":null}},"9":{"start":{"line":6,"column":0},"end":{"line":6,"column":21}}},"fnMap":{"0":{"name":"(anonymous_0)","decl":{"start":{"line":9,"column":4},"end":{"line":9,"column":16}},"loc":{"start":{"line":9,"column":52},"end":{"line":11,"column":5}}},"1":{"name":"(anonymous_1)","decl":{"start":{"line":13,"column":4},"end":{"line":13,"column":9}},"loc":{"start":{"line":13,"column":88},"end":{"line":22,"column":5}}}},"branchMap":{"0":{"loc":{"start":{"line":15,"column":8},"end":{"line":18,"column":null}},"type":"if","locations":[{"start":{"line":15,"column":8},"end":{"line":18,"column":null}}]}},"s":{"0":1,"1":1,"2":3,"3":3,"4":1,"5":1,"6":2,"7":2,"8":2,"9":1},"f":{"0":1,"1":3},"b":{"0":[1]}}
,"/home/bagnascojhoel/mycode/clean-code-architecture/src/application/use-case/ChangeWarehouseItemPriceUseCase.ts": {"path":"/home/bagnascojhoel/mycode/clean-code-architecture/src/application/use-case/ChangeWarehouseItemPriceUseCase.ts","statementMap":{"0":{"start":{"line":4,"column":0},"end":{"line":4,"column":83}},"1":{"start":{"line":14,"column":8},"end":{"line":14,"column":null}},"2":{"start":{"line":15,"column":8},"end":{"line":15,"column":null}},"3":{"start":{"line":19,"column":27},"end":{"line":19,"column":93}},"4":{"start":{"line":20,"column":8},"end":{"line":20,"column":null}},"5":{"start":{"line":20,"column":25},"end":{"line":20,"column":null}},"6":{"start":{"line":21,"column":22},"end":{"line":21,"column":106}},"7":{"start":{"line":22,"column":8},"end":{"line":22,"column":null}},"8":{"start":{"line":9,"column":0},"end":{"line":9,"column":21}}},"fnMap":{"0":{"name":"(anonymous_1)","decl":{"start":{"line":13,"column":4},"end":{"line":13,"column":16}},"loc":{"start":{"line":13,"column":52},"end":{"line":16,"column":5}}},"1":{"name":"(anonymous_2)","decl":{"start":{"line":18,"column":11},"end":{"line":18,"column":16}},"loc":{"start":{"line":18,"column":37},"end":{"line":23,"column":5}}}},"branchMap":{"0":{"loc":{"start":{"line":20,"column":8},"end":{"line":20,"column":null}},"type":"if","locations":[{"start":{"line":20,"column":8},"end":{"line":20,"column":null}}]}},"s":{"0":1,"1":2,"2":2,"3":2,"4":2,"5":1,"6":1,"7":1,"8":1},"f":{"0":2,"1":2},"b":{"0":[1]}}
,"/home/bagnascojhoel/mycode/clean-code-architecture/src/application/use-case/FetchOrderUseCase.ts": {"path":"/home/bagnascojhoel/mycode/clean-code-architecture/src/application/use-case/FetchOrderUseCase.ts","statementMap":{"0":{"start":{"line":3,"column":0},"end":{"line":3,"column":60}},"1":{"start":{"line":10,"column":24},"end":{"line":10,"column":60}},"2":{"start":{"line":11,"column":8},"end":{"line":11,"column":66}},"3":{"start":{"line":15,"column":22},"end":{"line":15,"column":94}},"4":{"start":{"line":16,"column":8},"end":{"line":17,"column":null}},"5":{"start":{"line":16,"column":19},"end":{"line":16,"column":null}},"6":{"start":{"line":17,"column":13},"end":{"line":17,"column":null}},"7":{"start":{"line":7,"column":0},"end":{"line":7,"column":21}}},"fnMap":{"0":{"name":"(anonymous_1)","decl":{"start":{"line":10,"column":4},"end":{"line":10,"column":24}},"loc":{"start":{"line":10,"column":60},"end":{"line":12,"column":5}}},"1":{"name":"(anonymous_2)","decl":{"start":{"line":14,"column":11},"end":{"line":14,"column":16}},"loc":{"start":{"line":14,"column":79},"end":{"line":18,"column":5}}}},"branchMap":{"0":{"loc":{"start":{"line":16,"column":8},"end":{"line":17,"column":null}},"type":"if","locations":[{"start":{"line":16,"column":8},"end":{"line":17,"column":null}},{"start":{"line":17,"column":13},"end":{"line":17,"column":null}}]}},"s":{"0":1,"1":1,"2":1,"3":2,"4":2,"5":1,"6":1,"7":1},"f":{"0":1,"1":2},"b":{"0":[1,1]}}
,"/home/bagnascojhoel/mycode/clean-code-architecture/src/application/use-case/ListOrdersUseCase.ts": {"path":"/home/bagnascojhoel/mycode/clean-code-architecture/src/application/use-case/ListOrdersUseCase.ts","statementMap":{"0":{"start":{"line":8,"column":24},"end":{"line":8,"column":60}},"1":{"start":{"line":9,"column":8},"end":{"line":9,"column":null}},"2":{"start":{"line":13,"column":23},"end":{"line":13,"column":59}},"3":{"start":{"line":14,"column":8},"end":{"line":14,"column":null}},"4":{"start":{"line":5,"column":0},"end":{"line":5,"column":21}}},"fnMap":{"0":{"name":"(anonymous_0)","decl":{"start":{"line":8,"column":4},"end":{"line":8,"column":24}},"loc":{"start":{"line":8,"column":60},"end":{"line":10,"column":5}}},"1":{"name":"(anonymous_1)","decl":{"start":{"line":12,"column":11},"end":{"line":12,"column":16}},"loc":{"start":{"line":12,"column":55},"end":{"line":15,"column":5}}}},"branchMap":{},"s":{"0":1,"1":1,"2":2,"3":2,"4":1},"f":{"0":1,"1":2},"b":{}}
,"/home/bagnascojhoel/mycode/clean-code-architecture/src/application/use-case/PlaceOrderUseCase.ts": {"path":"/home/bagnascojhoel/mycode/clean-code-architecture/src/application/use-case/PlaceOrderUseCase.ts","statementMap":{"0":{"start":{"line":1,"column":0},"end":{"line":1,"column":33}},"1":{"start":{"line":2,"column":0},"end":{"line":2,"column":62}},"2":{"start":{"line":4,"column":0},"end":{"line":4,"column":52}},"3":{"start":{"line":5,"column":0},"end":{"line":5,"column":60}},"4":{"start":{"line":6,"column":0},"end":{"line":6,"column":60}},"5":{"start":{"line":20,"column":33},"end":{"line":20,"column":69}},"6":{"start":{"line":21,"column":8},"end":{"line":21,"column":null}},"7":{"start":{"line":22,"column":8},"end":{"line":22,"column":null}},"8":{"start":{"line":23,"column":8},"end":{"line":23,"column":null}},"9":{"start":{"line":24,"column":8},"end":{"line":24,"column":null}},"10":{"start":{"line":29,"column":27},"end":{"line":29,"column":61}},"11":{"start":{"line":30,"column":30},"end":{"line":30,"column":64}},"12":{"start":{"line":31,"column":29},"end":{"line":31,"column":43}},"13":{"start":{"line":32,"column":26},"end":{"line":32,"column":77}},"14":{"start":{"line":33,"column":22},"end":{"line":33,"column":73}},"15":{"start":{"line":34,"column":8},"end":{"line":34,"column":null}},"16":{"start":{"line":35,"column":8},"end":{"line":35,"column":null}},"17":{"start":{"line":35,"column":24},"end":{"line":35,"column":null}},"18":{"start":{"line":36,"column":8},"end":{"line":36,"column":null}},"19":{"start":{"line":40,"column":23},"end":{"line":40,"column":69}},"20":{"start":{"line":41,"column":8},"end":{"line":41,"column":null}},"21":{"start":{"line":41,"column":21},"end":{"line":41,"column":null}},"22":{"start":{"line":42,"column":30},"end":{"line":42,"column":62}},"23":{"start":{"line":43,"column":8},"end":{"line":43,"column":null}},"24":{"start":{"line":47,"column":34},"end":{"line":47,"column":122}},"25":{"start":{"line":47,"column":84},"end":{"line":47,"column":116}},"26":{"start":{"line":48,"column":39},"end":{"line":48,"column":99}},"27":{"start":{"line":49,"column":8},"end":{"line":49,"column":null}},"28":{"start":{"line":49,"column":37},"end":{"line":49,"column":null}},"29":{"start":{"line":50,"column":8},"end":{"line":50,"column":null}},"30":{"start":{"line":50,"column":35},"end":{"line":50,"column":79}},"31":{"start":{"line":14,"column":0},"end":{"line":14,"column":21}}},"fnMap":{"0":{"name":"(anonymous_1)","decl":{"start":{"line":20,"column":4},"end":{"line":20,"column":33}},"loc":{"start":{"line":20,"column":69},"end":{"line":25,"column":5}}},"1":{"name":"(anonymous_2)","decl":{"start":{"line":28,"column":11},"end":{"line":28,"column":16}},"loc":{"start":{"line":28,"column":76},"end":{"line":37,"column":5}}},"2":{"name":"(anonymous_3)","decl":{"start":{"line":39,"column":12},"end":{"line":39,"column":17}},"loc":{"start":{"line":39,"column":62},"end":{"line":44,"column":5}}},"3":{"name":"(anonymous_4)","decl":{"start":{"line":46,"column":12},"end":{"line":46,"column":17}},"loc":{"start":{"line":46,"column":68},"end":{"line":51,"column":5}}},"4":{"name":"(anonymous_5)","decl":{"start":{"line":47,"column":52},"end":{"line":47,"column":53}},"loc":{"start":{"line":47,"column":84},"end":{"line":47,"column":116}}},"5":{"name":"(anonymous_6)","decl":{"start":{"line":50,"column":30},"end":{"line":50,"column":31}},"loc":{"start":{"line":50,"column":35},"end":{"line":50,"column":79}}}},"branchMap":{"0":{"loc":{"start":{"line":35,"column":8},"end":{"line":35,"column":null}},"type":"if","locations":[{"start":{"line":35,"column":8},"end":{"line":35,"column":null}}]},"1":{"loc":{"start":{"line":41,"column":8},"end":{"line":41,"column":null}},"type":"if","locations":[{"start":{"line":41,"column":8},"end":{"line":41,"column":null}}]},"2":{"loc":{"start":{"line":49,"column":8},"end":{"line":49,"column":null}},"type":"if","locations":[{"start":{"line":49,"column":8},"end":{"line":49,"column":null}}]}},"s":{"0":2,"1":2,"2":2,"3":2,"4":2,"5":5,"6":5,"7":5,"8":5,"9":5,"10":6,"11":5,"12":5,"13":5,"14":5,"15":5,"16":5,"17":2,"18":4,"19":2,"20":2,"21":1,"22":1,"23":1,"24":6,"25":6,"26":6,"27":6,"28":1,"29":5,"30":5,"31":2},"f":{"0":5,"1":6,"2":2,"3":6,"4":6,"5":5},"b":{"0":[2],"1":[1],"2":[1]}}
,"/home/bagnascojhoel/mycode/clean-code-architecture/src/application/use-case/SimulateFreightUseCase.ts": {"path":"/home/bagnascojhoel/mycode/clean-code-architecture/src/application/use-case/SimulateFreightUseCase.ts","statementMap":{"0":{"start":{"line":1,"column":0},"end":{"line":1,"column":32}},"1":{"start":{"line":2,"column":0},"end":{"line":2,"column":49}},"2":{"start":{"line":3,"column":0},"end":{"line":3,"column":49}},"3":{"start":{"line":4,"column":0},"end":{"line":4,"column":65}},"4":{"start":{"line":9,"column":30},"end":{"line":9,"column":45}},"5":{"start":{"line":10,"column":15},"end":{"line":10,"column":28}},"6":{"start":{"line":11,"column":20},"end":{"line":11,"column":33}},"7":{"start":{"line":15,"column":33},"end":{"line":15,"column":69}},"8":{"start":{"line":16,"column":8},"end":{"line":16,"column":null}},"9":{"start":{"line":20,"column":33},"end":{"line":20,"column":86}},"10":{"start":{"line":20,"column":62},"end":{"line":20,"column":85}},"11":{"start":{"line":21,"column":31},"end":{"line":21,"column":87}},"12":{"start":{"line":22,"column":48},"end":{"line":22,"column":50}},"13":{"start":{"line":23,"column":8},"end":{"line":27,"column":null}},"14":{"start":{"line":24,"column":34},"end":{"line":24,"column":96}},"15":{"start":{"line":24,"column":60},"end":{"line":24,"column":95}},"16":{"start":{"line":25,"column":12},"end":{"line":26,"column":null}},"17":{"start":{"line":26,"column":16},"end":{"line":26,"column":null}},"18":{"start":{"line":28,"column":24},"end":{"line":28,"column":93}},"19":{"start":{"line":29,"column":8},"end":{"line":29,"column":null}},"20":{"start":{"line":12,"column":0},"end":{"line":12,"column":21}}},"fnMap":{"0":{"name":"(anonymous_1)","decl":{"start":{"line":15,"column":4},"end":{"line":15,"column":33}},"loc":{"start":{"line":15,"column":69},"end":{"line":17,"column":5}}},"1":{"name":"(anonymous_2)","decl":{"start":{"line":19,"column":4},"end":{"line":19,"column":9}},"loc":{"start":{"line":19,"column":45},"end":{"line":30,"column":5}}},"2":{"name":"(anonymous_3)","decl":{"start":{"line":20,"column":51},"end":{"line":20,"column":58}},"loc":{"start":{"line":20,"column":62},"end":{"line":20,"column":85}}},"3":{"name":"(anonymous_4)","decl":{"start":{"line":23,"column":30},"end":{"line":23,"column":39}},"loc":{"start":{"line":23,"column":42},"end":{"line":27,"column":9}}},"4":{"name":"(anonymous_5)","decl":{"start":{"line":24,"column":54},"end":{"line":24,"column":56}},"loc":{"start":{"line":24,"column":60},"end":{"line":24,"column":95}}}},"branchMap":{"0":{"loc":{"start":{"line":25,"column":12},"end":{"line":26,"column":null}},"type":"if","locations":[{"start":{"line":25,"column":12},"end":{"line":26,"column":null}}]}},"s":{"0":1,"1":1,"2":1,"3":1,"4":1,"5":1,"6":1,"7":1,"8":1,"9":1,"10":2,"11":1,"12":1,"13":1,"14":2,"15":3,"16":2,"17":2,"18":1,"19":1,"20":1},"f":{"0":1,"1":1,"2":2,"3":2,"4":3},"b":{"0":[2]}}
,"/home/bagnascojhoel/mycode/clean-code-architecture/src/application/use-case/ValidateCouponUseCase.ts": {"path":"/home/bagnascojhoel/mycode/clean-code-architecture/src/application/use-case/ValidateCouponUseCase.ts","statementMap":{"0":{"start":{"line":1,"column":0},"end":{"line":1,"column":33}},"1":{"start":{"line":8,"column":33},"end":{"line":8,"column":69}},"2":{"start":{"line":9,"column":8},"end":{"line":9,"column":null}},"3":{"start":{"line":13,"column":28},"end":{"line":13,"column":74}},"4":{"start":{"line":14,"column":8},"end":{"line":14,"column":39}},"5":{"start":{"line":14,"column":26},"end":{"line":14,"column":39}},"6":{"start":{"line":15,"column":8},"end":{"line":15,"column":55}},"7":{"start":{"line":5,"column":0},"end":{"line":5,"column":21}}},"fnMap":{"0":{"name":"(anonymous_0)","decl":{"start":{"line":8,"column":4},"end":{"line":8,"column":33}},"loc":{"start":{"line":8,"column":69},"end":{"line":10,"column":5}}},"1":{"name":"(anonymous_1)","decl":{"start":{"line":12,"column":11},"end":{"line":12,"column":16}},"loc":{"start":{"line":12,"column":43},"end":{"line":16,"column":5}}}},"branchMap":{"0":{"loc":{"start":{"line":14,"column":8},"end":{"line":14,"column":39}},"type":"if","locations":[{"start":{"line":14,"column":8},"end":{"line":14,"column":39}}]}},"s":{"0":1,"1":1,"2":1,"3":3,"4":3,"5":1,"6":2,"7":1},"f":{"0":1,"1":3},"b":{"0":[1]}}
,"/home/bagnascojhoel/mycode/clean-code-architecture/src/domain/entity/Address.ts": {"path":"/home/bagnascojhoel/mycode/clean-code-architecture/src/domain/entity/Address.ts","statementMap":{"0":{"start":{"line":1,"column":0},"end":{"line":1,"column":61}},"1":{"start":{"line":2,"column":0},"end":{"line":2,"column":62}},"2":{"start":{"line":11,"column":8},"end":{"line":11,"column":53}},"3":{"start":{"line":4,"column":0},"end":{"line":4,"column":21}}},"fnMap":{"0":{"name":"(anonymous_1)","decl":{"start":{"line":6,"column":4},"end":{"line":6,"column":null}},"loc":{"start":{"line":6,"column":4},"end":{"line":8,"column":5}}},"1":{"name":"(anonymous_2)","decl":{"start":{"line":10,"column":11},"end":{"line":10,"column":28}},"loc":{"start":{"line":10,"column":50},"end":{"line":12,"column":5}}}},"branchMap":{},"s":{"0":4,"1":4,"2":4,"3":4},"f":{"0":20,"1":4},"b":{}}
,"/home/bagnascojhoel/mycode/clean-code-architecture/src/domain/entity/AppliedCoupon.ts": {"path":"/home/bagnascojhoel/mycode/clean-code-architecture/src/domain/entity/AppliedCoupon.ts","statementMap":{"0":{"start":{"line":6,"column":17},"end":{"line":6,"column":31}},"1":{"start":{"line":7,"column":17},"end":{"line":7,"column":29}},"2":{"start":{"line":4,"column":0},"end":{"line":4,"column":21}}},"fnMap":{"0":{"name":"(anonymous_0)","decl":{"start":{"line":5,"column":4},"end":{"line":5,"column":null}},"loc":{"start":{"line":7,"column":29},"end":{"line":10,"column":5}}}},"branchMap":{},"s":{"0":3,"1":3,"2":3},"f":{"0":3},"b":{}}
,"/home/bagnascojhoel/mycode/clean-code-architecture/src/domain/entity/Coupon.ts": {"path":"/home/bagnascojhoel/mycode/clean-code-architecture/src/domain/entity/Coupon.ts","statementMap":{"0":{"start":{"line":1,"column":0},"end":{"line":1,"column":33}},"1":{"start":{"line":7,"column":17},"end":{"line":7,"column":29}},"2":{"start":{"line":8,"column":17},"end":{"line":8,"column":44}},"3":{"start":{"line":9,"column":17},"end":{"line":9,"column":41}},"4":{"start":{"line":11,"column":8},"end":{"line":11,"column":80}},"5":{"start":{"line":11,"column":32},"end":{"line":11,"column":80}},"6":{"start":{"line":12,"column":8},"end":{"line":12,"column":90}},"7":{"start":{"line":12,"column":45},"end":{"line":12,"column":90}},"8":{"start":{"line":13,"column":8},"end":{"line":13,"column":null}},"9":{"start":{"line":13,"column":56},"end":{"line":13,"column":null}},"10":{"start":{"line":14,"column":8},"end":{"line":14,"column":25}},"11":{"start":{"line":15,"column":8},"end":{"line":15,"column":53}},"12":{"start":{"line":16,"column":8},"end":{"line":16,"column":45}},"13":{"start":{"line":20,"column":8},"end":{"line":20,"column":54}},"14":{"start":{"line":24,"column":8},"end":{"line":24,"column":97}},"15":{"start":{"line":28,"column":8},"end":{"line":28,"column":null}},"16":{"start":{"line":32,"column":8},"end":{"line":32,"column":null}},"17":{"start":{"line":4,"column":0},"end":{"line":4,"column":21}}},"fnMap":{"0":{"name":"(anonymous_1)","decl":{"start":{"line":6,"column":4},"end":{"line":6,"column":null}},"loc":{"start":{"line":9,"column":41},"end":{"line":17,"column":5}}},"1":{"name":"(anonymous_2)","decl":{"start":{"line":19,"column":12},"end":{"line":19,"column":19}},"loc":{"start":{"line":19,"column":35},"end":{"line":21,"column":5}}},"2":{"name":"(anonymous_3)","decl":{"start":{"line":23,"column":11},"end":{"line":23,"column":28}},"loc":{"start":{"line":23,"column":63},"end":{"line":25,"column":5}}},"3":{"name":"(anonymous_4)","decl":{"start":{"line":27,"column":11},"end":{"line":27,"column":35}},"loc":{"start":{"line":27,"column":70},"end":{"line":29,"column":5}}},"4":{"name":"(anonymous_5)","decl":{"start":{"line":31,"column":11},"end":{"line":31,"column":21}},"loc":{"start":{"line":31,"column":37},"end":{"line":33,"column":5}}}},"branchMap":{"0":{"loc":{"start":{"line":11,"column":8},"end":{"line":11,"column":80}},"type":"if","locations":[{"start":{"line":11,"column":8},"end":{"line":11,"column":80}}]},"1":{"loc":{"start":{"line":12,"column":8},"end":{"line":12,"column":90}},"type":"if","locations":[{"start":{"line":12,"column":8},"end":{"line":12,"column":90}}]},"2":{"loc":{"start":{"line":13,"column":8},"end":{"line":13,"column":null}},"type":"if","locations":[{"start":{"line":13,"column":8},"end":{"line":13,"column":null}}]},"3":{"loc":{"start":{"line":24,"column":15},"end":{"line":24,"column":96}},"type":"cond-expr","locations":[{"start":{"line":24,"column":44},"end":{"line":24,"column":58}},{"start":{"line":24,"column":61},"end":{"line":24,"column":96}}]}},"s":{"0":12,"1":21,"2":21,"3":21,"4":21,"5":1,"6":20,"7":1,"8":19,"9":1,"10":18,"11":18,"12":18,"13":21,"14":3,"15":2,"16":9,"17":12},"f":{"0":21,"1":21,"2":3,"3":2,"4":9},"b":{"0":[1],"1":[1],"2":[1],"3":[0,3]}}
,"/home/bagnascojhoel/mycode/clean-code-architecture/src/domain/entity/Cpf.ts": {"path":"/home/bagnascojhoel/mycode/clean-code-architecture/src/domain/entity/Cpf.ts","statementMap":{"0":{"start":{"line":1,"column":0},"end":{"line":1,"column":54}},"1":{"start":{"line":7,"column":8},"end":{"line":7,"column":53}},"2":{"start":{"line":7,"column":20},"end":{"line":7,"column":53}},"3":{"start":{"line":8,"column":8},"end":{"line":8,"column":68}},"4":{"start":{"line":8,"column":38},"end":{"line":8,"column":68}},"5":{"start":{"line":9,"column":8},"end":{"line":9,"column":50}},"6":{"start":{"line":13,"column":8},"end":{"line":13,"column":null}},"7":{"start":{"line":13,"column":34},"end":{"line":13,"column":null}},"8":{"start":{"line":14,"column":8},"end":{"line":14,"column":null}},"9":{"start":{"line":18,"column":8},"end":{"line":18,"column":27}},"10":{"start":{"line":22,"column":26},"end":{"line":22,"column":53}},"11":{"start":{"line":23,"column":8},"end":{"line":23,"column":57}},"12":{"start":{"line":23,"column":45},"end":{"line":23,"column":57}},"13":{"start":{"line":24,"column":8},"end":{"line":24,"column":61}},"14":{"start":{"line":24,"column":49},"end":{"line":24,"column":61}},"15":{"start":{"line":25,"column":35},"end":{"line":25,"column":62}},"16":{"start":{"line":26,"column":8},"end":{"line":26,"column":78}},"17":{"start":{"line":26,"column":66},"end":{"line":26,"column":78}},"18":{"start":{"line":27,"column":36},"end":{"line":27,"column":64}},"19":{"start":{"line":28,"column":8},"end":{"line":28,"column":69}},"20":{"start":{"line":32,"column":8},"end":{"line":32,"column":49}},"21":{"start":{"line":36,"column":8},"end":{"line":36,"column":37}},"22":{"start":{"line":40,"column":8},"end":{"line":40,"column":null}},"23":{"start":{"line":40,"column":52},"end":{"line":40,"column":76}},"24":{"start":{"line":3,"column":0},"end":{"line":3,"column":21}}},"fnMap":{"0":{"name":"(anonymous_0)","decl":{"start":{"line":6,"column":4},"end":{"line":6,"column":24}},"loc":{"start":{"line":6,"column":56},"end":{"line":10,"column":5}}},"1":{"name":"(anonymous_1)","decl":{"start":{"line":12,"column":11},"end":{"line":12,"column":17}},"loc":{"start":{"line":12,"column":59},"end":{"line":15,"column":5}}},"2":{"name":"(anonymous_2)","decl":{"start":{"line":17,"column":4},"end":{"line":17,"column":15}},"loc":{"start":{"line":17,"column":20},"end":{"line":19,"column":5}}},"3":{"name":"(anonymous_3)","decl":{"start":{"line":21,"column":12},"end":{"line":21,"column":24}},"loc":{"start":{"line":21,"column":38},"end":{"line":29,"column":5}}},"4":{"name":"(anonymous_4)","decl":{"start":{"line":31,"column":12},"end":{"line":31,"column":27}},"loc":{"start":{"line":31,"column":43},"end":{"line":33,"column":5}}},"5":{"name":"(anonymous_5)","decl":{"start":{"line":35,"column":12},"end":{"line":35,"column":27}},"loc":{"start":{"line":35,"column":43},"end":{"line":37,"column":5}}},"6":{"name":"(anonymous_6)","decl":{"start":{"line":39,"column":4},"end":{"line":39,"column":23}},"loc":{"start":{"line":39,"column":39},"end":{"line":41,"column":5}}},"7":{"name":"(anonymous_7)","decl":{"start":{"line":40,"column":39},"end":{"line":40,"column":48}},"loc":{"start":{"line":40,"column":52},"end":{"line":40,"column":76}}}},"branchMap":{"0":{"loc":{"start":{"line":7,"column":8},"end":{"line":7,"column":53}},"type":"if","locations":[{"start":{"line":7,"column":8},"end":{"line":7,"column":53}}]},"1":{"loc":{"start":{"line":8,"column":8},"end":{"line":8,"column":68}},"type":"if","locations":[{"start":{"line":8,"column":8},"end":{"line":8,"column":68}}]},"2":{"loc":{"start":{"line":13,"column":8},"end":{"line":13,"column":null}},"type":"if","locations":[{"start":{"line":13,"column":8},"end":{"line":13,"column":null}}]},"3":{"loc":{"start":{"line":23,"column":8},"end":{"line":23,"column":57}},"type":"if","locations":[{"start":{"line":23,"column":8},"end":{"line":23,"column":57}}]},"4":{"loc":{"start":{"line":24,"column":8},"end":{"line":24,"column":61}},"type":"if","locations":[{"start":{"line":24,"column":8},"end":{"line":24,"column":61}}]},"5":{"loc":{"start":{"line":26,"column":8},"end":{"line":26,"column":78}},"type":"if","locations":[{"start":{"line":26,"column":8},"end":{"line":26,"column":78}}]}},"s":{"0":13,"1":43,"2":3,"3":40,"4":6,"5":34,"6":44,"7":1,"8":43,"9":21,"10":40,"11":40,"12":2,"13":38,"14":1,"15":37,"16":37,"17":2,"18":35,"19":35,"20":74,"21":40,"22":38,"23":103,"24":13},"f":{"0":43,"1":44,"2":21,"3":40,"4":74,"5":40,"6":38,"7":103},"b":{"0":[3],"1":[6],"2":[1],"3":[2],"4":[1],"5":[2]}}
,"/home/bagnascojhoel/mycode/clean-code-architecture/src/domain/entity/CpfVerifierDigit.ts": {"path":"/home/bagnascojhoel/mycode/clean-code-architecture/src/domain/entity/CpfVerifierDigit.ts","statementMap":{"0":{"start":{"line":6,"column":8},"end":{"line":6,"column":30}},"1":{"start":{"line":7,"column":8},"end":{"line":7,"column":38}},"2":{"start":{"line":11,"column":36},"end":{"line":11,"column":76}},"3":{"start":{"line":12,"column":8},"end":{"line":12,"column":69}},"4":{"start":{"line":16,"column":32},"end":{"line":16,"column":33}},"5":{"start":{"line":17,"column":8},"end":{"line":19,"column":null}},"6":{"start":{"line":17,"column":21},"end":{"line":17,"column":22}},"7":{"start":{"line":18,"column":12},"end":{"line":18,"column":51}},"8":{"start":{"line":20,"column":26},"end":{"line":20,"column":40}},"9":{"start":{"line":21,"column":8},"end":{"line":21,"column":50}},"10":{"start":{"line":1,"column":0},"end":{"line":1,"column":13}}},"fnMap":{"0":{"name":"(anonymous_0)","decl":{"start":{"line":5,"column":4},"end":{"line":5,"column":16}},"loc":{"start":{"line":5,"column":50},"end":{"line":8,"column":5}}},"1":{"name":"(anonymous_1)","decl":{"start":{"line":10,"column":11},"end":{"line":10,"column":33}},"loc":{"start":{"line":10,"column":45},"end":{"line":13,"column":5}}},"2":{"name":"(anonymous_2)","decl":{"start":{"line":15,"column":12},"end":{"line":15,"column":28}},"loc":{"start":{"line":15,"column":56},"end":{"line":22,"column":5}}}},"branchMap":{"0":{"loc":{"start":{"line":17,"column":24},"end":{"line":17,"column":52}},"type":"binary-expr","locations":[{"start":{"line":17,"column":24},"end":{"line":17,"column":38}},{"start":{"line":17,"column":42},"end":{"line":17,"column":52}}]},"1":{"loc":{"start":{"line":21,"column":15},"end":{"line":21,"column":49}},"type":"cond-expr","locations":[{"start":{"line":21,"column":31},"end":{"line":21,"column":32}},{"start":{"line":21,"column":35},"end":{"line":21,"column":49}}]}},"s":{"0":75,"1":75,"2":76,"3":76,"4":76,"5":76,"6":76,"7":719,"8":76,"9":76,"10":14},"f":{"0":75,"1":76,"2":76},"b":{"0":[795,795],"1":[5,71]}}
,"/home/bagnascojhoel/mycode/clean-code-architecture/src/domain/entity/Freight.ts": {"path":"/home/bagnascojhoel/mycode/clean-code-architecture/src/domain/entity/Freight.ts","statementMap":{"0":{"start":{"line":1,"column":0},"end":{"line":1,"column":33}},"1":{"start":{"line":5,"column":23},"end":{"line":5,"column":26}},"2":{"start":{"line":11,"column":17},"end":{"line":11,"column":38}},"3":{"start":{"line":12,"column":17},"end":{"line":12,"column":32}},"4":{"start":{"line":13,"column":17},"end":{"line":13,"column":37}},"5":{"start":{"line":16,"column":8},"end":{"line":16,"column":null}},"6":{"start":{"line":17,"column":8},"end":{"line":17,"column":29}},"7":{"start":{"line":18,"column":8},"end":{"line":18,"column":39}},"8":{"start":{"line":19,"column":8},"end":{"line":19,"column":27}},"9":{"start":{"line":23,"column":38},"end":{"line":28,"column":26}},"10":{"start":{"line":24,"column":33},"end":{"line":24,"column":75}},"11":{"start":{"line":25,"column":42},"end":{"line":25,"column":87}},"12":{"start":{"line":26,"column":38},"end":{"line":26,"column":99}},"13":{"start":{"line":27,"column":12},"end":{"line":27,"column":68}},"14":{"start":{"line":29,"column":25},"end":{"line":29,"column":72}},"15":{"start":{"line":30,"column":32},"end":{"line":30,"column":66}},"16":{"start":{"line":31,"column":8},"end":{"line":31,"column":100}},"17":{"start":{"line":7,"column":0},"end":{"line":7,"column":21}}},"fnMap":{"0":{"name":"(anonymous_1)","decl":{"start":{"line":10,"column":4},"end":{"line":10,"column":null}},"loc":{"start":{"line":14,"column":32},"end":{"line":20,"column":5}}},"1":{"name":"(anonymous_2)","decl":{"start":{"line":22,"column":4},"end":{"line":22,"column":18}},"loc":{"start":{"line":22,"column":18},"end":{"line":32,"column":5}}},"2":{"name":"(anonymous_3)","decl":{"start":{"line":23,"column":65},"end":{"line":23,"column":66}},"loc":{"start":{"line":23,"column":79},"end":{"line":28,"column":9}}}},"branchMap":{"0":{"loc":{"start":{"line":31,"column":15},"end":{"line":31,"column":99}},"type":"cond-expr","locations":[{"start":{"line":31,"column":64},"end":{"line":31,"column":79}},{"start":{"line":31,"column":82},"end":{"line":31,"column":99}}]}},"s":{"0":3,"1":3,"2":9,"3":9,"4":9,"5":9,"6":9,"7":9,"8":9,"9":6,"10":7,"11":7,"12":7,"13":7,"14":6,"15":6,"16":6,"17":3},"f":{"0":9,"1":6,"2":7},"b":{"0":[5,1]}}
,"/home/bagnascojhoel/mycode/clean-code-architecture/src/domain/entity/FreightableItem.ts": {"path":"/home/bagnascojhoel/mycode/clean-code-architecture/src/domain/entity/FreightableItem.ts","statementMap":{"0":{"start":{"line":4,"column":25},"end":{"line":4,"column":63}},"1":{"start":{"line":4,"column":74},"end":{"line":4,"column":90}},"2":{"start":{"line":3,"column":0},"end":{"line":3,"column":21}}},"fnMap":{"0":{"name":"(anonymous_0)","decl":{"start":{"line":4,"column":4},"end":{"line":4,"column":25}},"loc":{"start":{"line":4,"column":90},"end":{"line":4,"column":95}}}},"branchMap":{},"s":{"0":10,"1":10,"2":3},"f":{"0":10},"b":{}}
,"/home/bagnascojhoel/mycode/clean-code-architecture/src/domain/entity/order/Order.ts": {"path":"/home/bagnascojhoel/mycode/clean-code-architecture/src/domain/entity/order/Order.ts","statementMap":{"0":{"start":{"line":2,"column":0},"end":{"line":2,"column":25}},"1":{"start":{"line":11,"column":17},"end":{"line":11,"column":32}},"2":{"start":{"line":12,"column":17},"end":{"line":12,"column":36}},"3":{"start":{"line":14,"column":17},"end":{"line":14,"column":35}},"4":{"start":{"line":16,"column":8},"end":{"line":16,"column":null}},"5":{"start":{"line":16,"column":32},"end":{"line":16,"column":null}},"6":{"start":{"line":17,"column":8},"end":{"line":17,"column":null}},"7":{"start":{"line":17,"column":49},"end":{"line":17,"column":null}},"8":{"start":{"line":18,"column":8},"end":{"line":18,"column":null}},"9":{"start":{"line":19,"column":8},"end":{"line":19,"column":31}},"10":{"start":{"line":20,"column":8},"end":{"line":20,"column":35}},"11":{"start":{"line":21,"column":8},"end":{"line":21,"column":27}},"12":{"start":{"line":25,"column":8},"end":{"line":25,"column":31}},"13":{"start":{"line":29,"column":25},"end":{"line":29,"column":34}},"14":{"start":{"line":30,"column":8},"end":{"line":32,"column":null}},"15":{"start":{"line":31,"column":12},"end":{"line":32,"column":null}},"16":{"start":{"line":31,"column":49},"end":{"line":31,"column":null}},"17":{"start":{"line":32,"column":17},"end":{"line":32,"column":null}},"18":{"start":{"line":33,"column":8},"end":{"line":33,"column":null}},"19":{"start":{"line":37,"column":8},"end":{"line":37,"column":null}},"20":{"start":{"line":6,"column":0},"end":{"line":6,"column":21}}},"fnMap":{"0":{"name":"(anonymous_1)","decl":{"start":{"line":10,"column":4},"end":{"line":10,"column":null}},"loc":{"start":{"line":14,"column":35},"end":{"line":22,"column":5}}},"1":{"name":"(anonymous_2)","decl":{"start":{"line":24,"column":11},"end":{"line":24,"column":17}},"loc":{"start":{"line":24,"column":32},"end":{"line":26,"column":5}}},"2":{"name":"(anonymous_3)","decl":{"start":{"line":28,"column":12},"end":{"line":28,"column":35}},"loc":{"start":{"line":28,"column":59},"end":{"line":34,"column":5}}},"3":{"name":"(anonymous_4)","decl":{"start":{"line":36,"column":4},"end":{"line":36,"column":8}},"loc":{"start":{"line":36,"column":19},"end":{"line":38,"column":5}}}},"branchMap":{"0":{"loc":{"start":{"line":16,"column":8},"end":{"line":16,"column":null}},"type":"if","locations":[{"start":{"line":16,"column":8},"end":{"line":16,"column":null}}]},"1":{"loc":{"start":{"line":17,"column":8},"end":{"line":17,"column":null}},"type":"if","locations":[{"start":{"line":17,"column":8},"end":{"line":17,"column":null}}]},"2":{"loc":{"start":{"line":31,"column":12},"end":{"line":32,"column":null}},"type":"if","locations":[{"start":{"line":31,"column":12},"end":{"line":32,"column":null}},{"start":{"line":32,"column":17},"end":{"line":32,"column":null}}]}},"s":{"0":12,"1":33,"2":33,"3":33,"4":33,"5":1,"6":32,"7":1,"8":31,"9":31,"10":30,"11":30,"12":7,"13":32,"14":32,"15":34,"16":1,"17":33,"18":31,"19":23,"20":12},"f":{"0":33,"1":7,"2":32,"3":23},"b":{"0":[1],"1":[1],"2":[1,33]}}
,"/home/bagnascojhoel/mycode/clean-code-architecture/src/domain/entity/order/OrderCode.ts": {"path":"/home/bagnascojhoel/mycode/clean-code-architecture/src/domain/entity/order/OrderCode.ts","statementMap":{"0":{"start":{"line":1,"column":0},"end":{"line":1,"column":33}},"1":{"start":{"line":4,"column":42},"end":{"line":4,"column":43}},"2":{"start":{"line":10,"column":8},"end":{"line":10,"column":null}},"3":{"start":{"line":10,"column":30},"end":{"line":10,"column":null}},"4":{"start":{"line":11,"column":8},"end":{"line":11,"column":null}},"5":{"start":{"line":11,"column":74},"end":{"line":11,"column":null}},"6":{"start":{"line":12,"column":8},"end":{"line":12,"column":null}},"7":{"start":{"line":12,"column":30},"end":{"line":12,"column":null}},"8":{"start":{"line":13,"column":8},"end":{"line":13,"column":null}},"9":{"start":{"line":17,"column":23},"end":{"line":17,"column":42}},"10":{"start":{"line":18,"column":8},"end":{"line":18,"column":null}},"11":{"start":{"line":19,"column":8},"end":{"line":19,"column":null}},"12":{"start":{"line":23,"column":8},"end":{"line":23,"column":null}},"13":{"start":{"line":27,"column":25},"end":{"line":27,"column":110}},"14":{"start":{"line":28,"column":8},"end":{"line":28,"column":44}},"15":{"start":{"line":6,"column":0},"end":{"line":6,"column":21}}},"fnMap":{"0":{"name":"(anonymous_1)","decl":{"start":{"line":9,"column":4},"end":{"line":9,"column":16}},"loc":{"start":{"line":9,"column":58},"end":{"line":14,"column":5}}},"1":{"name":"(anonymous_2)","decl":{"start":{"line":16,"column":11},"end":{"line":16,"column":17}},"loc":{"start":{"line":16,"column":41},"end":{"line":20,"column":5}}},"2":{"name":"(anonymous_3)","decl":{"start":{"line":22,"column":4},"end":{"line":22,"column":15}},"loc":{"start":{"line":22,"column":20},"end":{"line":24,"column":5}}},"3":{"name":"(anonymous_4)","decl":{"start":{"line":26,"column":12},"end":{"line":26,"column":20}},"loc":{"start":{"line":26,"column":63},"end":{"line":29,"column":5}}}},"branchMap":{"0":{"loc":{"start":{"line":10,"column":8},"end":{"line":10,"column":null}},"type":"if","locations":[{"start":{"line":10,"column":8},"end":{"line":10,"column":null}}]},"1":{"loc":{"start":{"line":11,"column":8},"end":{"line":11,"column":null}},"type":"if","locations":[{"start":{"line":11,"column":8},"end":{"line":11,"column":null}}]},"2":{"loc":{"start":{"line":12,"column":8},"end":{"line":12,"column":null}},"type":"if","locations":[{"start":{"line":12,"column":8},"end":{"line":12,"column":null}}]}},"s":{"0":13,"1":13,"2":33,"3":1,"4":32,"5":1,"6":31,"7":1,"8":30,"9":6,"10":6,"11":6,"12":59,"13":30,"14":30,"15":13},"f":{"0":33,"1":6,"2":59,"3":30},"b":{"0":[1],"1":[1],"2":[1]}}
,"/home/bagnascojhoel/mycode/clean-code-architecture/src/domain/entity/order/OrderItem.ts": {"path":"/home/bagnascojhoel/mycode/clean-code-architecture/src/domain/entity/order/OrderItem.ts","statementMap":{"0":{"start":{"line":5,"column":17},"end":{"line":5,"column":49}},"1":{"start":{"line":6,"column":17},"end":{"line":6,"column":33}},"2":{"start":{"line":8,"column":8},"end":{"line":8,"column":82}},"3":{"start":{"line":8,"column":27},"end":{"line":8,"column":82}},"4":{"start":{"line":3,"column":0},"end":{"line":3,"column":21}}},"fnMap":{"0":{"name":"(anonymous_0)","decl":{"start":{"line":4,"column":4},"end":{"line":4,"column":null}},"loc":{"start":{"line":6,"column":33},"end":{"line":9,"column":5}}}},"branchMap":{"0":{"loc":{"start":{"line":8,"column":8},"end":{"line":8,"column":82}},"type":"if","locations":[{"start":{"line":8,"column":8},"end":{"line":8,"column":82}}]}},"s":{"0":37,"1":37,"2":37,"3":2,"4":13},"f":{"0":37},"b":{"0":[2]}}
,"/home/bagnascojhoel/mycode/clean-code-architecture/src/domain/entity/physical-attributes/MeasureUnit.ts": {"path":"/home/bagnascojhoel/mycode/clean-code-architecture/src/domain/entity/physical-attributes/MeasureUnit.ts","statementMap":{"0":{"start":{"line":1,"column":13},"end":{"line":14,"column":11}},"1":{"start":{"line":16,"column":13},"end":{"line":33,"column":11}},"2":{"start":{"line":35,"column":13},"end":{"line":48,"column":11}},"3":{"start":{"line":50,"column":13},"end":{"line":63,"column":11}}},"fnMap":{},"branchMap":{},"s":{"0":19,"1":19,"2":19,"3":19},"f":{},"b":{}}
,"/home/bagnascojhoel/mycode/clean-code-architecture/src/domain/entity/physical-attributes/PhysicalAttributes.ts": {"path":"/home/bagnascojhoel/mycode/clean-code-architecture/src/domain/entity/physical-attributes/PhysicalAttributes.ts","statementMap":{"0":{"start":{"line":1,"column":0},"end":{"line":1,"column":33}},"1":{"start":{"line":2,"column":0},"end":{"line":2,"column":57}},"2":{"start":{"line":3,"column":0},"end":{"line":3,"column":42}},"3":{"start":{"line":9,"column":17},"end":{"line":9,"column":37}},"4":{"start":{"line":10,"column":17},"end":{"line":10,"column":38}},"5":{"start":{"line":11,"column":17},"end":{"line":11,"column":38}},"6":{"start":{"line":12,"column":17},"end":{"line":12,"column":38}},"7":{"start":{"line":14,"column":8},"end":{"line":14,"column":134}},"8":{"start":{"line":14,"column":58},"end":{"line":14,"column":134}},"9":{"start":{"line":15,"column":8},"end":{"line":15,"column":29}},"10":{"start":{"line":16,"column":8},"end":{"line":16,"column":31}},"11":{"start":{"line":17,"column":8},"end":{"line":17,"column":31}},"12":{"start":{"line":18,"column":8},"end":{"line":18,"column":29}},"13":{"start":{"line":22,"column":23},"end":{"line":22,"column":46}},"14":{"start":{"line":23,"column":23},"end":{"line":23,"column":48}},"15":{"start":{"line":24,"column":8},"end":{"line":24,"column":68}},"16":{"start":{"line":28,"column":23},"end":{"line":30,"column":53}},"17":{"start":{"line":31,"column":8},"end":{"line":31,"column":51}},"18":{"start":{"line":36,"column":26},"end":{"line":36,"column":47}},"19":{"start":{"line":37,"column":8},"end":{"line":37,"column":63}},"20":{"start":{"line":37,"column":40},"end":{"line":37,"column":61}},"21":{"start":{"line":6,"column":0},"end":{"line":6,"column":21}}},"fnMap":{"0":{"name":"(anonymous_1)","decl":{"start":{"line":8,"column":4},"end":{"line":8,"column":null}},"loc":{"start":{"line":12,"column":38},"end":{"line":19,"column":5}}},"1":{"name":"(anonymous_2)","decl":{"start":{"line":21,"column":4},"end":{"line":21,"column":15}},"loc":{"start":{"line":21,"column":36},"end":{"line":25,"column":5}}},"2":{"name":"(anonymous_3)","decl":{"start":{"line":27,"column":4},"end":{"line":27,"column":15}},"loc":{"start":{"line":27,"column":27},"end":{"line":32,"column":5}}},"3":{"name":"(anonymous_4)","decl":{"start":{"line":35,"column":12},"end":{"line":35,"column":25}},"loc":{"start":{"line":35,"column":58},"end":{"line":38,"column":5}}},"4":{"name":"(anonymous_5)","decl":{"start":{"line":37,"column":34},"end":{"line":37,"column":36}},"loc":{"start":{"line":37,"column":40},"end":{"line":37,"column":61}}}},"branchMap":{"0":{"loc":{"start":{"line":14,"column":8},"end":{"line":14,"column":134}},"type":"if","locations":[{"start":{"line":14,"column":8},"end":{"line":14,"column":134}}]}},"s":{"0":16,"1":16,"2":16,"3":59,"4":59,"5":59,"6":59,"7":59,"8":1,"9":58,"10":58,"11":58,"12":58,"13":8,"14":8,"15":8,"16":16,"17":16,"18":59,"19":59,"20":177,"21":16},"f":{"0":59,"1":8,"2":16,"3":59,"4":177},"b":{"0":[1]}}
,"/home/bagnascojhoel/mycode/clean-code-architecture/src/domain/entity/physical-attributes/SpaceMeasure.ts": {"path":"/home/bagnascojhoel/mycode/clean-code-architecture/src/domain/entity/physical-attributes/SpaceMeasure.ts","statementMap":{"0":{"start":{"line":1,"column":0},"end":{"line":1,"column":33}},"1":{"start":{"line":2,"column":0},"end":{"line":2,"column":95}},"2":{"start":{"line":10,"column":8},"end":{"line":10,"column":40}},"3":{"start":{"line":11,"column":8},"end":{"line":11,"column":25}},"4":{"start":{"line":12,"column":8},"end":{"line":12,"column":62}},"5":{"start":{"line":16,"column":8},"end":{"line":16,"column":135}},"6":{"start":{"line":16,"column":78},"end":{"line":16,"column":135}},"7":{"start":{"line":17,"column":28},"end":{"line":17,"column":72}},"8":{"start":{"line":18,"column":28},"end":{"line":18,"column":72}},"9":{"start":{"line":19,"column":8},"end":{"line":19,"column":57}},"10":{"start":{"line":23,"column":55},"end":{"line":23,"column":63}},"11":{"start":{"line":24,"column":8},"end":{"line":25,"column":90}},"12":{"start":{"line":24,"column":55},"end":{"line":24,"column":81}},"13":{"start":{"line":25,"column":13},"end":{"line":25,"column":90}},"14":{"start":{"line":25,"column":62},"end":{"line":25,"column":90}},"15":{"start":{"line":26,"column":8},"end":{"line":26,"column":34}},"16":{"start":{"line":4,"column":0},"end":{"line":4,"column":21}}},"fnMap":{"0":{"name":"(anonymous_1)","decl":{"start":{"line":9,"column":4},"end":{"line":9,"column":16}},"loc":{"start":{"line":9,"column":60},"end":{"line":13,"column":5}}},"1":{"name":"(anonymous_2)","decl":{"start":{"line":15,"column":11},"end":{"line":15,"column":13}},"loc":{"start":{"line":15,"column":42},"end":{"line":20,"column":5}}},"2":{"name":"(anonymous_3)","decl":{"start":{"line":22,"column":12},"end":{"line":22,"column":30}},"loc":{"start":{"line":22,"column":30},"end":{"line":27,"column":5}}}},"branchMap":{"0":{"loc":{"start":{"line":16,"column":8},"end":{"line":16,"column":135}},"type":"if","locations":[{"start":{"line":16,"column":8},"end":{"line":16,"column":135}}]},"1":{"loc":{"start":{"line":24,"column":8},"end":{"line":25,"column":90}},"type":"if","locations":[{"start":{"line":24,"column":8},"end":{"line":25,"column":90}},{"start":{"line":25,"column":13},"end":{"line":25,"column":90}}]},"2":{"loc":{"start":{"line":25,"column":13},"end":{"line":25,"column":90}},"type":"if","locations":[{"start":{"line":25,"column":13},"end":{"line":25,"column":90}}]}},"s":{"0":18,"1":18,"2":329,"3":329,"4":329,"5":119,"6":4,"7":115,"8":115,"9":115,"10":329,"11":329,"12":5,"13":324,"14":20,"15":329,"16":18},"f":{"0":329,"1":119,"2":329},"b":{"0":[4],"1":[5,324],"2":[20]}}
,"/home/bagnascojhoel/mycode/clean-code-architecture/src/domain/entity/physical-attributes/WeightMeasure.ts": {"path":"/home/bagnascojhoel/mycode/clean-code-architecture/src/domain/entity/physical-attributes/WeightMeasure.ts","statementMap":{"0":{"start":{"line":1,"column":0},"end":{"line":1,"column":33}},"1":{"start":{"line":7,"column":47},"end":{"line":7,"column":70}},"2":{"start":{"line":8,"column":8},"end":{"line":8,"column":40}},"3":{"start":{"line":9,"column":8},"end":{"line":9,"column":25}},"4":{"start":{"line":13,"column":26},"end":{"line":13,"column":70}},"5":{"start":{"line":14,"column":28},"end":{"line":14,"column":70}},"6":{"start":{"line":15,"column":8},"end":{"line":15,"column":58}},"7":{"start":{"line":4,"column":0},"end":{"line":4,"column":21}}},"fnMap":{"0":{"name":"(anonymous_1)","decl":{"start":{"line":7,"column":4},"end":{"line":7,"column":16}},"loc":{"start":{"line":7,"column":70},"end":{"line":10,"column":5}}},"1":{"name":"(anonymous_2)","decl":{"start":{"line":12,"column":11},"end":{"line":12,"column":13}},"loc":{"start":{"line":12,"column":43},"end":{"line":16,"column":5}}}},"branchMap":{},"s":{"0":17,"1":94,"2":94,"3":94,"4":31,"5":31,"6":31,"7":17},"f":{"0":94,"1":31},"b":{}}
,"/home/bagnascojhoel/mycode/clean-code-architecture/src/domain/entity/warehouse/WarehouseItem.ts": {"path":"/home/bagnascojhoel/mycode/clean-code-architecture/src/domain/entity/warehouse/WarehouseItem.ts","statementMap":{"0":{"start":{"line":5,"column":17},"end":{"line":5,"column":36}},"1":{"start":{"line":6,"column":17},"end":{"line":6,"column":36}},"2":{"start":{"line":7,"column":17},"end":{"line":7,"column":55}},"3":{"start":{"line":9,"column":8},"end":{"line":9,"column":null}},"4":{"start":{"line":10,"column":8},"end":{"line":10,"column":null}},"5":{"start":{"line":11,"column":8},"end":{"line":11,"column":null}},"6":{"start":{"line":3,"column":0},"end":{"line":3,"column":21}}},"fnMap":{"0":{"name":"(anonymous_0)","decl":{"start":{"line":4,"column":4},"end":{"line":4,"column":null}},"loc":{"start":{"line":7,"column":55},"end":{"line":12,"column":5}}}},"branchMap":{},"s":{"0":47,"1":47,"2":47,"3":47,"4":47,"5":47,"6":14},"f":{"0":47},"b":{}}
,"/home/bagnascojhoel/mycode/clean-code-architecture/src/domain/entity/warehouse/WarehousePriceEntry.ts": {"path":"/home/bagnascojhoel/mycode/clean-code-architecture/src/domain/entity/warehouse/WarehousePriceEntry.ts","statementMap":{"0":{"start":{"line":11,"column":8},"end":{"line":11,"column":null}},"1":{"start":{"line":12,"column":8},"end":{"line":12,"column":null}},"2":{"start":{"line":13,"column":8},"end":{"line":13,"column":null}},"3":{"start":{"line":17,"column":8},"end":{"line":17,"column":null}},"4":{"start":{"line":21,"column":8},"end":{"line":21,"column":null}},"5":{"start":{"line":5,"column":0},"end":{"line":5,"column":21}}},"fnMap":{"0":{"name":"(anonymous_0)","decl":{"start":{"line":10,"column":4},"end":{"line":10,"column":24}},"loc":{"start":{"line":10,"column":101},"end":{"line":14,"column":5}}},"1":{"name":"(anonymous_1)","decl":{"start":{"line":16,"column":11},"end":{"line":16,"column":17}},"loc":{"start":{"line":16,"column":86},"end":{"line":18,"column":5}}},"2":{"name":"(anonymous_2)","decl":{"start":{"line":20,"column":11},"end":{"line":20,"column":24}},"loc":{"start":{"line":20,"column":37},"end":{"line":22,"column":5}}}},"branchMap":{},"s":{"0":18,"1":18,"2":18,"3":18,"4":9,"5":11},"f":{"0":18,"1":18,"2":9},"b":{}}
,"/home/bagnascojhoel/mycode/clean-code-architecture/src/domain/service/OrderPriceCalculator.ts": {"path":"/home/bagnascojhoel/mycode/clean-code-architecture/src/domain/service/OrderPriceCalculator.ts","statementMap":{"0":{"start":{"line":1,"column":0},"end":{"line":1,"column":33}},"1":{"start":{"line":12,"column":25},"end":{"line":12,"column":37}},"2":{"start":{"line":13,"column":25},"end":{"line":13,"column":60}},"3":{"start":{"line":14,"column":25},"end":{"line":14,"column":41}},"4":{"start":{"line":15,"column":25},"end":{"line":15,"column":40}},"5":{"start":{"line":17,"column":8},"end":{"line":17,"column":null}},"6":{"start":{"line":21,"column":21},"end":{"line":21,"column":50}},"7":{"start":{"line":22,"column":32},"end":{"line":22,"column":110}},"8":{"start":{"line":23,"column":8},"end":{"line":23,"column":null}},"9":{"start":{"line":24,"column":8},"end":{"line":24,"column":null}},"10":{"start":{"line":28,"column":23},"end":{"line":28,"column":37}},"11":{"start":{"line":29,"column":8},"end":{"line":34,"column":null}},"12":{"start":{"line":30,"column":40},"end":{"line":30,"column":111}},"13":{"start":{"line":30,"column":68},"end":{"line":30,"column":110}},"14":{"start":{"line":31,"column":12},"end":{"line":32,"column":null}},"15":{"start":{"line":32,"column":16},"end":{"line":32,"column":null}},"16":{"start":{"line":33,"column":12},"end":{"line":33,"column":null}},"17":{"start":{"line":35,"column":8},"end":{"line":35,"column":null}},"18":{"start":{"line":8,"column":0},"end":{"line":8,"column":21}}},"fnMap":{"0":{"name":"(anonymous_1)","decl":{"start":{"line":11,"column":4},"end":{"line":11,"column":null}},"loc":{"start":{"line":15,"column":40},"end":{"line":18,"column":5}}},"1":{"name":"(anonymous_2)","decl":{"start":{"line":20,"column":11},"end":{"line":20,"column":16}},"loc":{"start":{"line":20,"column":16},"end":{"line":25,"column":5}}},"2":{"name":"(anonymous_3)","decl":{"start":{"line":27,"column":12},"end":{"line":27,"column":33}},"loc":{"start":{"line":27,"column":89},"end":{"line":36,"column":5}}},"3":{"name":"(anonymous_4)","decl":{"start":{"line":30,"column":63},"end":{"line":30,"column":64}},"loc":{"start":{"line":30,"column":68},"end":{"line":30,"column":110}}}},"branchMap":{"0":{"loc":{"start":{"line":23,"column":28},"end":{"line":23,"column":64}},"type":"binary-expr","locations":[{"start":{"line":23,"column":28},"end":{"line":23,"column":43}},{"start":{"line":23,"column":47},"end":{"line":23,"column":64}}]},"1":{"loc":{"start":{"line":31,"column":12},"end":{"line":32,"column":null}},"type":"if","locations":[{"start":{"line":31,"column":12},"end":{"line":32,"column":null}}]},"2":{"loc":{"start":{"line":31,"column":16},"end":{"line":31,"column":96}},"type":"binary-expr","locations":[{"start":{"line":31,"column":16},"end":{"line":31,"column":36}},{"start":{"line":31,"column":40},"end":{"line":31,"column":96}}]}},"s":{"0":1,"1":4,"2":4,"3":4,"4":4,"5":4,"6":2,"7":2,"8":2,"9":2,"10":4,"11":4,"12":4,"13":4,"14":4,"15":2,"16":2,"17":0,"18":1},"f":{"0":4,"1":2,"2":4,"3":4},"b":{"0":[2,1],"1":[2],"2":[4,3]}}
,"/home/bagnascojhoel/mycode/clean-code-architecture/src/domain/service/WarehousePriceResolver.ts": {"path":"/home/bagnascojhoel/mycode/clean-code-architecture/src/domain/service/WarehousePriceResolver.ts","statementMap":{"0":{"start":{"line":8,"column":37},"end":{"line":12,"column":16}},"1":{"start":{"line":9,"column":12},"end":{"line":11,"column":30}},"2":{"start":{"line":13,"column":8},"end":{"line":13,"column":null}},"3":{"start":{"line":13,"column":35},"end":{"line":13,"column":null}},"4":{"start":{"line":14,"column":8},"end":{"line":14,"column":45}},"5":{"start":{"line":18,"column":8},"end":{"line":18,"column":null}},"6":{"start":{"line":18,"column":21},"end":{"line":18,"column":null}},"7":{"start":{"line":19,"column":8},"end":{"line":21,"column":null}},"8":{"start":{"line":6,"column":0},"end":{"line":6,"column":21}}},"fnMap":{"0":{"name":"(anonymous_0)","decl":{"start":{"line":7,"column":11},"end":{"line":7,"column":17}},"loc":{"start":{"line":7,"column":111},"end":{"line":15,"column":5}}},"1":{"name":"(anonymous_1)","decl":{"start":{"line":8,"column":52},"end":{"line":8,"column":53}},"loc":{"start":{"line":8,"column":124},"end":{"line":12,"column":9}}},"2":{"name":"(anonymous_2)","decl":{"start":{"line":17,"column":12},"end":{"line":17,"column":18}},"loc":{"start":{"line":17,"column":98},"end":{"line":22,"column":5}}}},"branchMap":{"0":{"loc":{"start":{"line":9,"column":19},"end":{"line":11,"column":29}},"type":"cond-expr","locations":[{"start":{"line":10,"column":18},"end":{"line":10,"column":76}},{"start":{"line":11,"column":18},"end":{"line":11,"column":29}}]},"1":{"loc":{"start":{"line":9,"column":19},"end":{"line":9,"column":89}},"type":"binary-expr","locations":[{"start":{"line":9,"column":19},"end":{"line":9,"column":51}},{"start":{"line":9,"column":55},"end":{"line":9,"column":89}}]},"2":{"loc":{"start":{"line":13,"column":8},"end":{"line":13,"column":null}},"type":"if","locations":[{"start":{"line":13,"column":8},"end":{"line":13,"column":null}}]},"3":{"loc":{"start":{"line":18,"column":8},"end":{"line":18,"column":null}},"type":"if","locations":[{"start":{"line":18,"column":8},"end":{"line":18,"column":null}}]},"4":{"loc":{"start":{"line":19,"column":15},"end":{"line":21,"column":20}},"type":"cond-expr","locations":[{"start":{"line":20,"column":14},"end":{"line":20,"column":20}},{"start":{"line":21,"column":14},"end":{"line":21,"column":20}}]}},"s":{"0":3,"1":4,"2":3,"3":2,"4":1,"5":1,"6":1,"7":0,"8":1},"f":{"0":3,"1":4,"2":1},"b":{"0":[1,3],"1":[4,3],"2":[2],"3":[1],"4":[0,0]}}
,"/home/bagnascojhoel/mycode/clean-code-architecture/src/infrastructure/database/DatabaseConnectionKnexAdapter.ts": {"path":"/home/bagnascojhoel/mycode/clean-code-architecture/src/infrastructure/database/DatabaseConnectionKnexAdapter.ts","statementMap":{"0":{"start":{"line":2,"column":0},"end":{"line":2,"column":23}},"1":{"start":{"line":4,"column":0},"end":{"line":4,"column":78}},"2":{"start":{"line":10,"column":31},"end":{"line":10,"column":63}},"3":{"start":{"line":11,"column":8},"end":{"line":11,"column":90}},"4":{"start":{"line":15,"column":8},"end":{"line":15,"column":54}},"5":{"start":{"line":19,"column":8},"end":{"line":19,"column":null}},"6":{"start":{"line":23,"column":8},"end":{"line":23,"column":null}},"7":{"start":{"line":27,"column":8},"end":{"line":27,"column":null}},"8":{"start":{"line":6,"column":0},"end":{"line":6,"column":21}}},"fnMap":{"0":{"name":"(anonymous_1)","decl":{"start":{"line":9,"column":4},"end":{"line":9,"column":null}},"loc":{"start":{"line":9,"column":4},"end":{"line":12,"column":5}}},"1":{"name":"(anonymous_2)","decl":{"start":{"line":14,"column":11},"end":{"line":14,"column":16}},"loc":{"start":{"line":14,"column":54},"end":{"line":16,"column":5}}},"2":{"name":"(anonymous_3)","decl":{"start":{"line":18,"column":11},"end":{"line":18,"column":16}},"loc":{"start":{"line":18,"column":24},"end":{"line":20,"column":5}}},"3":{"name":"(anonymous_4)","decl":{"start":{"line":22,"column":11},"end":{"line":22,"column":16}},"loc":{"start":{"line":22,"column":36},"end":{"line":24,"column":5}}},"4":{"name":"(anonymous_5)","decl":{"start":{"line":26,"column":11},"end":{"line":26,"column":16}},"loc":{"start":{"line":26,"column":34},"end":{"line":28,"column":5}}}},"branchMap":{"0":{"loc":{"start":{"line":11,"column":50},"end":{"line":11,"column":87}},"type":"binary-expr","locations":[{"start":{"line":11,"column":50},"end":{"line":11,"column":70}},{"start":{"line":11,"column":74},"end":{"line":11,"column":87}}]}},"s":{"0":12,"1":12,"2":13,"3":13,"4":117,"5":0,"6":280,"7":12,"8":12},"f":{"0":13,"1":117,"2":0,"3":280,"4":12},"b":{"0":[13,0]}}
,"/home/bagnascojhoel/mycode/clean-code-architecture/src/infrastructure/database/DatabaseConnectionKnexProperties.ts": {"path":"/home/bagnascojhoel/mycode/clean-code-architecture/src/infrastructure/database/DatabaseConnectionKnexProperties.ts","statementMap":{"0":{"start":{"line":1,"column":0},"end":{"line":1,"column":43}},"1":{"start":{"line":6,"column":8},"end":{"line":12,"column":null}},"2":{"start":{"line":8,"column":16},"end":{"line":8,"column":null}},"3":{"start":{"line":11,"column":16},"end":{"line":11,"column":null}},"4":{"start":{"line":3,"column":0},"end":{"line":3,"column":21}}},"fnMap":{"0":{"name":"(anonymous_1)","decl":{"start":{"line":5,"column":11},"end":{"line":5,"column":20}},"loc":{"start":{"line":5,"column":32},"end":{"line":13,"column":5}}}},"branchMap":{"0":{"loc":{"start":{"line":6,"column":8},"end":{"line":12,"column":null}},"type":"switch","locations":[{"start":{"line":7,"column":12},"end":{"line":8,"column":null}},{"start":{"line":9,"column":12},"end":{"line":9,"column":20}},{"start":{"line":10,"column":12},"end":{"line":11,"column":null}}]}},"s":{"0":12,"1":13,"2":13,"3":0,"4":12},"f":{"0":13},"b":{"0":[13,0,0]}}
,"/home/bagnascojhoel/mycode/clean-code-architecture/src/infrastructure/database/repository/AppliedCouponRepositoryDatabase.ts": {"path":"/home/bagnascojhoel/mycode/clean-code-architecture/src/infrastructure/database/repository/AppliedCouponRepositoryDatabase.ts","statementMap":{"0":{"start":{"line":6,"column":24},"end":{"line":6,"column":54}},"1":{"start":{"line":7,"column":8},"end":{"line":7,"column":37}},"2":{"start":{"line":11,"column":54},"end":{"line":11,"column":168}},"3":{"start":{"line":12,"column":8},"end":{"line":12,"column":null}},"4":{"start":{"line":12,"column":26},"end":{"line":12,"column":null}},"5":{"start":{"line":13,"column":32},"end":{"line":13,"column":98}},"6":{"start":{"line":14,"column":8},"end":{"line":14,"column":null}},"7":{"start":{"line":5,"column":0},"end":{"line":5,"column":21}}},"fnMap":{"0":{"name":"(anonymous_0)","decl":{"start":{"line":6,"column":4},"end":{"line":6,"column":24}},"loc":{"start":{"line":6,"column":54},"end":{"line":8,"column":5}}},"1":{"name":"(anonymous_1)","decl":{"start":{"line":10,"column":4},"end":{"line":10,"column":9}},"loc":{"start":{"line":10,"column":45},"end":{"line":15,"column":5}}}},"branchMap":{"0":{"loc":{"start":{"line":12,"column":8},"end":{"line":12,"column":null}},"type":"if","locations":[{"start":{"line":12,"column":8},"end":{"line":12,"column":null}}]}},"s":{"0":3,"1":3,"2":3,"3":3,"4":1,"5":2,"6":2,"7":9},"f":{"0":3,"1":3},"b":{"0":[1]}}
,"/home/bagnascojhoel/mycode/clean-code-architecture/src/infrastructure/database/repository/CouponRepositoryDatabase.ts": {"path":"/home/bagnascojhoel/mycode/clean-code-architecture/src/infrastructure/database/repository/CouponRepositoryDatabase.ts","statementMap":{"0":{"start":{"line":1,"column":0},"end":{"line":1,"column":33}},"1":{"start":{"line":2,"column":0},"end":{"line":2,"column":33}},"2":{"start":{"line":3,"column":0},"end":{"line":3,"column":51}},"3":{"start":{"line":8,"column":24},"end":{"line":8,"column":54}},"4":{"start":{"line":9,"column":8},"end":{"line":9,"column":null}},"5":{"start":{"line":13,"column":32},"end":{"line":13,"column":109}},"6":{"start":{"line":14,"column":23},"end":{"line":14,"column":113}},"7":{"start":{"line":15,"column":8},"end":{"line":15,"column":null}},"8":{"start":{"line":19,"column":26},"end":{"line":19,"column":128}},"9":{"start":{"line":20,"column":97},"end":{"line":20,"column":149}},"10":{"start":{"line":22,"column":8},"end":{"line":27,"column":null}},"11":{"start":{"line":7,"column":0},"end":{"line":7,"column":21}}},"fnMap":{"0":{"name":"(anonymous_1)","decl":{"start":{"line":8,"column":4},"end":{"line":8,"column":24}},"loc":{"start":{"line":8,"column":54},"end":{"line":10,"column":5}}},"1":{"name":"(anonymous_2)","decl":{"start":{"line":12,"column":4},"end":{"line":12,"column":9}},"loc":{"start":{"line":12,"column":31},"end":{"line":16,"column":5}}},"2":{"name":"(anonymous_3)","decl":{"start":{"line":18,"column":4},"end":{"line":18,"column":9}},"loc":{"start":{"line":18,"column":35},"end":{"line":28,"column":5}}}},"branchMap":{"0":{"loc":{"start":{"line":22,"column":15},"end":{"line":27,"column":23}},"type":"cond-expr","locations":[{"start":{"line":23,"column":14},"end":{"line":26,"column":56}},{"start":{"line":27,"column":14},"end":{"line":27,"column":23}}]}},"s":{"0":10,"1":10,"2":10,"3":5,"4":5,"5":6,"6":6,"7":6,"8":7,"9":7,"10":7,"11":10},"f":{"0":5,"1":6,"2":7},"b":{"0":[4,3]}}
,"/home/bagnascojhoel/mycode/clean-code-architecture/src/infrastructure/database/repository/DatabaseRepositoryFactory.ts": {"path":"/home/bagnascojhoel/mycode/clean-code-architecture/src/infrastructure/database/repository/DatabaseRepositoryFactory.ts","statementMap":{"0":{"start":{"line":9,"column":0},"end":{"line":9,"column":80}},"1":{"start":{"line":10,"column":0},"end":{"line":10,"column":66}},"2":{"start":{"line":11,"column":0},"end":{"line":11,"column":64}},"3":{"start":{"line":12,"column":0},"end":{"line":12,"column":80}},"4":{"start":{"line":13,"column":0},"end":{"line":13,"column":92}},"5":{"start":{"line":14,"column":0},"end":{"line":14,"column":92}},"6":{"start":{"line":24,"column":24},"end":{"line":24,"column":54}},"7":{"start":{"line":27,"column":8},"end":{"line":28,"column":null}},"8":{"start":{"line":28,"column":12},"end":{"line":28,"column":null}},"9":{"start":{"line":29,"column":8},"end":{"line":29,"column":null}},"10":{"start":{"line":33,"column":8},"end":{"line":34,"column":null}},"11":{"start":{"line":34,"column":12},"end":{"line":34,"column":null}},"12":{"start":{"line":35,"column":8},"end":{"line":35,"column":null}},"13":{"start":{"line":39,"column":8},"end":{"line":40,"column":null}},"14":{"start":{"line":40,"column":12},"end":{"line":40,"column":null}},"15":{"start":{"line":41,"column":8},"end":{"line":41,"column":null}},"16":{"start":{"line":45,"column":8},"end":{"line":46,"column":null}},"17":{"start":{"line":46,"column":12},"end":{"line":46,"column":null}},"18":{"start":{"line":47,"column":8},"end":{"line":47,"column":null}},"19":{"start":{"line":51,"column":8},"end":{"line":52,"column":null}},"20":{"start":{"line":52,"column":12},"end":{"line":52,"column":null}},"21":{"start":{"line":53,"column":8},"end":{"line":53,"column":null}},"22":{"start":{"line":57,"column":8},"end":{"line":58,"column":null}},"23":{"start":{"line":58,"column":12},"end":{"line":58,"column":null}},"24":{"start":{"line":59,"column":8},"end":{"line":59,"column":null}},"25":{"start":{"line":16,"column":0},"end":{"line":16,"column":21}}},"fnMap":{"0":{"name":"(anonymous_1)","decl":{"start":{"line":24,"column":4},"end":{"line":24,"column":24}},"loc":{"start":{"line":24,"column":54},"end":{"line":24,"column":59}}},"1":{"name":"(anonymous_2)","decl":{"start":{"line":26,"column":4},"end":{"line":26,"column":18}},"loc":{"start":{"line":26,"column":18},"end":{"line":30,"column":5}}},"2":{"name":"(anonymous_3)","decl":{"start":{"line":32,"column":4},"end":{"line":32,"column":23}},"loc":{"start":{"line":32,"column":23},"end":{"line":36,"column":5}}},"3":{"name":"(anonymous_4)","decl":{"start":{"line":38,"column":4},"end":{"line":38,"column":16}},"loc":{"start":{"line":38,"column":16},"end":{"line":42,"column":5}}},"4":{"name":"(anonymous_5)","decl":{"start":{"line":44,"column":4},"end":{"line":44,"column":26}},"loc":{"start":{"line":44,"column":26},"end":{"line":48,"column":5}}},"5":{"name":"(anonymous_6)","decl":{"start":{"line":50,"column":4},"end":{"line":50,"column":32}},"loc":{"start":{"line":50,"column":32},"end":{"line":54,"column":5}}},"6":{"name":"(anonymous_7)","decl":{"start":{"line":56,"column":4},"end":{"line":56,"column":32}},"loc":{"start":{"line":56,"column":32},"end":{"line":60,"column":5}}}},"branchMap":{"0":{"loc":{"start":{"line":27,"column":8},"end":{"line":28,"column":null}},"type":"if","locations":[{"start":{"line":27,"column":8},"end":{"line":28,"column":null}}]},"1":{"loc":{"start":{"line":33,"column":8},"end":{"line":34,"column":null}},"type":"if","locations":[{"start":{"line":33,"column":8},"end":{"line":34,"column":null}}]},"2":{"loc":{"start":{"line":39,"column":8},"end":{"line":40,"column":null}},"type":"if","locations":[{"start":{"line":39,"column":8},"end":{"line":40,"column":null}}]},"3":{"loc":{"start":{"line":45,"column":8},"end":{"line":46,"column":null}},"type":"if","locations":[{"start":{"line":45,"column":8},"end":{"line":46,"column":null}}]},"4":{"loc":{"start":{"line":51,"column":8},"end":{"line":52,"column":null}},"type":"if","locations":[{"start":{"line":51,"column":8},"end":{"line":52,"column":null}}]},"5":{"loc":{"start":{"line":57,"column":8},"end":{"line":58,"column":null}},"type":"if","locations":[{"start":{"line":57,"column":8},"end":{"line":58,"column":null}}]}},"s":{"0":8,"1":8,"2":8,"3":8,"4":8,"5":8,"6":8,"7":11,"8":4,"9":11,"10":5,"11":2,"12":5,"13":7,"14":3,"15":7,"16":14,"17":7,"18":14,"19":4,"20":2,"21":4,"22":0,"23":0,"24":0,"25":8},"f":{"0":8,"1":11,"2":5,"3":7,"4":14,"5":4,"6":0},"b":{"0":[4],"1":[2],"2":[3],"3":[7],"4":[2],"5":[0]}}
,"/home/bagnascojhoel/mycode/clean-code-architecture/src/infrastructure/database/repository/OrderRepositoryDatabase.ts": {"path":"/home/bagnascojhoel/mycode/clean-code-architecture/src/infrastructure/database/repository/OrderRepositoryDatabase.ts","statementMap":{"0":{"start":{"line":1,"column":0},"end":{"line":1,"column":33}},"1":{"start":{"line":2,"column":0},"end":{"line":2,"column":55}},"2":{"start":{"line":3,"column":0},"end":{"line":3,"column":63}},"3":{"start":{"line":4,"column":0},"end":{"line":4,"column":63}},"4":{"start":{"line":8,"column":20},"end":{"line":8,"column":29}},"5":{"start":{"line":9,"column":25},"end":{"line":9,"column":37}},"6":{"start":{"line":11,"column":28},"end":{"line":16,"column":null}},"7":{"start":{"line":17,"column":32},"end":{"line":20,"column":null}},"8":{"start":{"line":46,"column":8},"end":{"line":46,"column":null}},"9":{"start":{"line":50,"column":26},"end":{"line":52,"column":null}},"10":{"start":{"line":53,"column":8},"end":{"line":53,"column":null}},"11":{"start":{"line":57,"column":37},"end":{"line":62,"column":null}},"12":{"start":{"line":63,"column":8},"end":{"line":71,"column":null}},"13":{"start":{"line":72,"column":8},"end":{"line":72,"column":null}},"14":{"start":{"line":73,"column":8},"end":{"line":73,"column":null}},"15":{"start":{"line":77,"column":26},"end":{"line":77,"column":72}},"16":{"start":{"line":78,"column":28},"end":{"line":78,"column":66}},"17":{"start":{"line":79,"column":8},"end":{"line":79,"column":null}},"18":{"start":{"line":83,"column":31},"end":{"line":87,"column":null}},"19":{"start":{"line":88,"column":39},"end":{"line":88,"column":101}},"20":{"start":{"line":89,"column":8},"end":{"line":89,"column":null}},"21":{"start":{"line":89,"column":23},"end":{"line":89,"column":null}},"22":{"start":{"line":90,"column":40},"end":{"line":90,"column":78}},"23":{"start":{"line":92,"column":22},"end":{"line":96,"column":null}},"24":{"start":{"line":98,"column":8},"end":{"line":99,"column":null}},"25":{"start":{"line":99,"column":12},"end":{"line":99,"column":null}},"26":{"start":{"line":100,"column":8},"end":{"line":100,"column":null}},"27":{"start":{"line":104,"column":26},"end":{"line":111,"column":null}},"28":{"start":{"line":112,"column":42},"end":{"line":112,"column":80}},"29":{"start":{"line":113,"column":8},"end":{"line":113,"column":null}},"30":{"start":{"line":117,"column":26},"end":{"line":122,"column":null}},"31":{"start":{"line":123,"column":44},"end":{"line":123,"column":101}},"32":{"start":{"line":124,"column":8},"end":{"line":124,"column":null}},"33":{"start":{"line":128,"column":32},"end":{"line":132,"column":null}},"34":{"start":{"line":133,"column":42},"end":{"line":133,"column":44}},"35":{"start":{"line":134,"column":23},"end":{"line":134,"column":25}},"36":{"start":{"line":135,"column":8},"end":{"line":138,"column":null}},"37":{"start":{"line":136,"column":12},"end":{"line":136,"column":null}},"38":{"start":{"line":137,"column":12},"end":{"line":137,"column":null}},"39":{"start":{"line":139,"column":26},"end":{"line":139,"column":69}},"40":{"start":{"line":140,"column":8},"end":{"line":140,"column":null}},"41":{"start":{"line":144,"column":62},"end":{"line":148,"column":21}},"42":{"start":{"line":145,"column":29},"end":{"line":145,"column":46}},"43":{"start":{"line":146,"column":12},"end":{"line":146,"column":null}},"44":{"start":{"line":147,"column":12},"end":{"line":147,"column":null}},"45":{"start":{"line":149,"column":23},"end":{"line":149,"column":25}},"46":{"start":{"line":150,"column":8},"end":{"line":159,"column":null}},"47":{"start":{"line":151,"column":31},"end":{"line":151,"column":70}},"48":{"start":{"line":152,"column":25},"end":{"line":152,"column":41}},"49":{"start":{"line":153,"column":12},"end":{"line":158,"column":null}},"50":{"start":{"line":160,"column":8},"end":{"line":160,"column":22}},"51":{"start":{"line":164,"column":8},"end":{"line":164,"column":null}},"52":{"start":{"line":42,"column":0},"end":{"line":42,"column":21}}},"fnMap":{"0":{"name":"(anonymous_1)","decl":{"start":{"line":45,"column":4},"end":{"line":45,"column":16}},"loc":{"start":{"line":45,"column":40},"end":{"line":47,"column":5}}},"1":{"name":"(anonymous_2)","decl":{"start":{"line":49,"column":4},"end":{"line":49,"column":9}},"loc":{"start":{"line":49,"column":39},"end":{"line":54,"column":5}}},"2":{"name":"(anonymous_3)","decl":{"start":{"line":56,"column":4},"end":{"line":56,"column":9}},"loc":{"start":{"line":56,"column":27},"end":{"line":74,"column":5}}},"3":{"name":"(anonymous_4)","decl":{"start":{"line":76,"column":4},"end":{"line":76,"column":9}},"loc":{"start":{"line":76,"column":15},"end":{"line":80,"column":5}}},"4":{"name":"(anonymous_5)","decl":{"start":{"line":82,"column":4},"end":{"line":82,"column":9}},"loc":{"start":{"line":82,"column":40},"end":{"line":101,"column":5}}},"5":{"name":"(anonymous_6)","decl":{"start":{"line":103,"column":4},"end":{"line":103,"column":9}},"loc":{"start":{"line":103,"column":17},"end":{"line":114,"column":5}}},"6":{"name":"(anonymous_7)","decl":{"start":{"line":116,"column":12},"end":{"line":116,"column":17}},"loc":{"start":{"line":116,"column":55},"end":{"line":125,"column":5}}},"7":{"name":"(anonymous_8)","decl":{"start":{"line":127,"column":12},"end":{"line":127,"column":17}},"loc":{"start":{"line":127,"column":75},"end":{"line":141,"column":5}}},"8":{"name":"(anonymous_9)","decl":{"start":{"line":143,"column":12},"end":{"line":143,"column":33}},"loc":{"start":{"line":143,"column":68},"end":{"line":161,"column":5}}},"9":{"name":"(anonymous_10)","decl":{"start":{"line":144,"column":83},"end":{"line":144,"column":84}},"loc":{"start":{"line":144,"column":96},"end":{"line":148,"column":9}}},"10":{"name":"(anonymous_11)","decl":{"start":{"line":163,"column":12},"end":{"line":163,"column":27}},"loc":{"start":{"line":163,"column":74},"end":{"line":165,"column":5}}}},"branchMap":{"0":{"loc":{"start":{"line":69,"column":16},"end":{"line":69,"column":58}},"type":"binary-expr","locations":[{"start":{"line":69,"column":16},"end":{"line":69,"column":50}},{"start":{"line":69,"column":54},"end":{"line":69,"column":58}}]},"1":{"loc":{"start":{"line":89,"column":8},"end":{"line":89,"column":null}},"type":"if","locations":[{"start":{"line":89,"column":8},"end":{"line":89,"column":null}}]},"2":{"loc":{"start":{"line":98,"column":8},"end":{"line":99,"column":null}},"type":"if","locations":[{"start":{"line":98,"column":8},"end":{"line":99,"column":null}}]},"3":{"loc":{"start":{"line":146,"column":30},"end":{"line":146,"column":68}},"type":"cond-expr","locations":[{"start":{"line":146,"column":42},"end":{"line":146,"column":47}},{"start":{"line":146,"column":50},"end":{"line":146,"column":68}}]}},"s":{"0":10,"1":10,"2":10,"3":10,"4":10,"5":10,"6":10,"7":10,"8":9,"9":3,"10":3,"11":17,"12":17,"13":17,"14":17,"15":7,"16":7,"17":7,"18":8,"19":8,"20":8,"21":3,"22":5,"23":5,"24":5,"25":2,"26":5,"27":3,"28":3,"29":3,"30":5,"31":5,"32":5,"33":17,"34":17,"35":17,"36":17,"37":17,"38":17,"39":17,"40":17,"41":3,"42":2,"43":2,"44":2,"45":3,"46":3,"47":2,"48":2,"49":2,"50":3,"51":7,"52":10},"f":{"0":9,"1":3,"2":17,"3":7,"4":8,"5":3,"6":5,"7":17,"8":3,"9":2,"10":7},"b":{"0":[17,16],"1":[3],"2":[2],"3":[2,0]}}
,"/home/bagnascojhoel/mycode/clean-code-architecture/src/infrastructure/database/repository/WarehouseItemRepositoryDatabase.ts": {"path":"/home/bagnascojhoel/mycode/clean-code-architecture/src/infrastructure/database/repository/WarehouseItemRepositoryDatabase.ts","statementMap":{"0":{"start":{"line":1,"column":0},"end":{"line":1,"column":90}},"1":{"start":{"line":2,"column":0},"end":{"line":2,"column":95}},"2":{"start":{"line":3,"column":0},"end":{"line":3,"column":83}},"3":{"start":{"line":4,"column":0},"end":{"line":4,"column":85}},"4":{"start":{"line":5,"column":0},"end":{"line":5,"column":75}},"5":{"start":{"line":9,"column":29},"end":{"line":9,"column":45}},"6":{"start":{"line":10,"column":37},"end":{"line":17,"column":null}},"7":{"start":{"line":21,"column":24},"end":{"line":21,"column":54}},"8":{"start":{"line":22,"column":8},"end":{"line":22,"column":37}},"9":{"start":{"line":26,"column":26},"end":{"line":38,"column":null}},"10":{"start":{"line":39,"column":8},"end":{"line":49,"column":null}},"11":{"start":{"line":53,"column":26},"end":{"line":57,"column":null}},"12":{"start":{"line":58,"column":55},"end":{"line":58,"column":97}},"13":{"start":{"line":59,"column":8},"end":{"line":59,"column":null}},"14":{"start":{"line":63,"column":24},"end":{"line":63,"column":52}},"15":{"start":{"line":63,"column":38},"end":{"line":63,"column":41}},"16":{"start":{"line":64,"column":26},"end":{"line":68,"column":null}},"17":{"start":{"line":69,"column":8},"end":{"line":70,"column":null}},"18":{"start":{"line":74,"column":26},"end":{"line":74,"column":117}},"19":{"start":{"line":75,"column":28},"end":{"line":75,"column":66}},"20":{"start":{"line":76,"column":8},"end":{"line":76,"column":null}},"21":{"start":{"line":82,"column":35},"end":{"line":86,"column":null}},"22":{"start":{"line":88,"column":8},"end":{"line":88,"column":null}},"23":{"start":{"line":19,"column":0},"end":{"line":19,"column":21}}},"fnMap":{"0":{"name":"(anonymous_1)","decl":{"start":{"line":21,"column":4},"end":{"line":21,"column":24}},"loc":{"start":{"line":21,"column":54},"end":{"line":23,"column":5}}},"1":{"name":"(anonymous_2)","decl":{"start":{"line":25,"column":11},"end":{"line":25,"column":16}},"loc":{"start":{"line":25,"column":50},"end":{"line":50,"column":5}}},"2":{"name":"(anonymous_3)","decl":{"start":{"line":52,"column":11},"end":{"line":52,"column":16}},"loc":{"start":{"line":52,"column":35},"end":{"line":60,"column":5}}},"3":{"name":"(anonymous_4)","decl":{"start":{"line":62,"column":11},"end":{"line":62,"column":16}},"loc":{"start":{"line":62,"column":38},"end":{"line":71,"column":5}}},"4":{"name":"(anonymous_5)","decl":{"start":{"line":63,"column":32},"end":{"line":63,"column":34}},"loc":{"start":{"line":63,"column":38},"end":{"line":63,"column":41}}},"5":{"name":"(anonymous_6)","decl":{"start":{"line":73,"column":11},"end":{"line":73,"column":16}},"loc":{"start":{"line":73,"column":37},"end":{"line":77,"column":5}}},"6":{"name":"(anonymous_7)","decl":{"start":{"line":79,"column":12},"end":{"line":79,"column":31}},"loc":{"start":{"line":80,"column":102},"end":{"line":89,"column":5}}}},"branchMap":{"0":{"loc":{"start":{"line":59,"column":15},"end":{"line":59,"column":83}},"type":"cond-expr","locations":[{"start":{"line":59,"column":34},"end":{"line":59,"column":76}},{"start":{"line":59,"column":79},"end":{"line":59,"column":83}}]}},"s":{"0":10,"1":10,"2":10,"3":10,"4":10,"5":10,"6":10,"7":9,"8":9,"9":21,"10":21,"11":2,"12":2,"13":2,"14":2,"15":4,"16":2,"17":2,"18":10,"19":10,"20":10,"21":5,"22":5,"23":10},"f":{"0":9,"1":21,"2":2,"3":2,"4":4,"5":10,"6":5},"b":{"0":[1,1]}}
,"/home/bagnascojhoel/mycode/clean-code-architecture/src/infrastructure/database/repository/WarehousePriceEntryRepositoryDatabase.ts": {"path":"/home/bagnascojhoel/mycode/clean-code-architecture/src/infrastructure/database/repository/WarehousePriceEntryRepositoryDatabase.ts","statementMap":{"0":{"start":{"line":1,"column":0},"end":{"line":1,"column":33}},"1":{"start":{"line":2,"column":0},"end":{"line":2,"column":33}},"2":{"start":{"line":3,"column":0},"end":{"line":3,"column":87}},"3":{"start":{"line":8,"column":24},"end":{"line":8,"column":54}},"4":{"start":{"line":11,"column":26},"end":{"line":13,"column":null}},"5":{"start":{"line":14,"column":25},"end":{"line":14,"column":134}},"6":{"start":{"line":15,"column":8},"end":{"line":15,"column":null}},"7":{"start":{"line":19,"column":26},"end":{"line":28,"column":null}},"8":{"start":{"line":30,"column":28},"end":{"line":30,"column":97}},"9":{"start":{"line":31,"column":8},"end":{"line":31,"column":null}},"10":{"start":{"line":31,"column":31},"end":{"line":31,"column":136}},"11":{"start":{"line":7,"column":0},"end":{"line":7,"column":21}}},"fnMap":{"0":{"name":"(anonymous_1)","decl":{"start":{"line":8,"column":4},"end":{"line":8,"column":24}},"loc":{"start":{"line":8,"column":54},"end":{"line":8,"column":59}}},"1":{"name":"(anonymous_2)","decl":{"start":{"line":10,"column":11},"end":{"line":10,"column":16}},"loc":{"start":{"line":10,"column":50},"end":{"line":16,"column":5}}},"2":{"name":"(anonymous_3)","decl":{"start":{"line":18,"column":11},"end":{"line":18,"column":16}},"loc":{"start":{"line":18,"column":73},"end":{"line":32,"column":5}}},"3":{"name":"(anonymous_4)","decl":{"start":{"line":31,"column":24},"end":{"line":31,"column":27}},"loc":{"start":{"line":31,"column":31},"end":{"line":31,"column":136}}}},"branchMap":{},"s":{"0":8,"1":8,"2":8,"3":2,"4":4,"5":4,"6":4,"7":2,"8":2,"9":2,"10":2,"11":8},"f":{"0":2,"1":4,"2":2,"3":2},"b":{}}
,"/home/bagnascojhoel/mycode/clean-code-architecture/src/infrastructure/database/repository/WarehouseStockEntryRepositoryDatabase.ts": {"path":"/home/bagnascojhoel/mycode/clean-code-architecture/src/infrastructure/database/repository/WarehouseStockEntryRepositoryDatabase.ts","statementMap":{"0":{"start":{"line":7,"column":33},"end":{"line":7,"column":63}},"1":{"start":{"line":10,"column":8},"end":{"line":10,"column":51}},"2":{"start":{"line":5,"column":0},"end":{"line":5,"column":21}}},"fnMap":{"0":{"name":"(anonymous_0)","decl":{"start":{"line":7,"column":4},"end":{"line":7,"column":33}},"loc":{"start":{"line":7,"column":63},"end":{"line":7,"column":68}}},"1":{"name":"(anonymous_1)","decl":{"start":{"line":9,"column":4},"end":{"line":9,"column":9}},"loc":{"start":{"line":9,"column":47},"end":{"line":11,"column":5}}}},"branchMap":{},"s":{"0":0,"1":0,"2":8},"f":{"0":0,"1":0},"b":{}}
,"/home/bagnascojhoel/mycode/clean-code-architecture/src/infrastructure/rest/dto/ErrorDto.ts": {"path":"/home/bagnascojhoel/mycode/clean-code-architecture/src/infrastructure/rest/dto/ErrorDto.ts","statementMap":{"0":{"start":{"line":2,"column":33},"end":{"line":2,"column":48}},"1":{"start":{"line":2,"column":59},"end":{"line":2,"column":77}},"2":{"start":{"line":3,"column":8},"end":{"line":3,"column":null}},"3":{"start":{"line":3,"column":50},"end":{"line":3,"column":null}},"4":{"start":{"line":7,"column":8},"end":{"line":7,"column":null}},"5":{"start":{"line":1,"column":0},"end":{"line":1,"column":21}}},"fnMap":{"0":{"name":"(anonymous_0)","decl":{"start":{"line":2,"column":4},"end":{"line":2,"column":33}},"loc":{"start":{"line":2,"column":77},"end":{"line":4,"column":5}}},"1":{"name":"(anonymous_1)","decl":{"start":{"line":6,"column":11},"end":{"line":6,"column":17}},"loc":{"start":{"line":6,"column":56},"end":{"line":8,"column":5}}}},"branchMap":{"0":{"loc":{"start":{"line":3,"column":8},"end":{"line":3,"column":null}},"type":"if","locations":[{"start":{"line":3,"column":8},"end":{"line":3,"column":null}}]},"1":{"loc":{"start":{"line":3,"column":12},"end":{"line":3,"column":48}},"type":"binary-expr","locations":[{"start":{"line":3,"column":12},"end":{"line":3,"column":28}},{"start":{"line":3,"column":32},"end":{"line":3,"column":48}}]}},"s":{"0":0,"1":0,"2":0,"3":0,"4":0,"5":1},"f":{"0":0,"1":0},"b":{"0":[0],"1":[0,0]}}
,"/home/bagnascojhoel/mycode/clean-code-architecture/test/integration/cleanUpDatabase.ts": {"path":"/home/bagnascojhoel/mycode/clean-code-architecture/test/integration/cleanUpDatabase.ts","statementMap":{"0":{"start":{"line":4,"column":4},"end":{"line":13,"column":7}},"1":{"start":{"line":3,"column":0},"end":{"line":3,"column":15}}},"fnMap":{"0":{"name":"cleanUpDatabase","decl":{"start":{"line":3,"column":30},"end":{"line":3,"column":45}},"loc":{"start":{"line":3,"column":76},"end":{"line":14,"column":1}}}},"branchMap":{},"s":{"0":34,"1":10},"f":{"0":34},"b":{}}
,"/home/bagnascojhoel/mycode/clean-code-architecture/test/integration/infrastructure/presentation/rest/constants.ts": {"path":"/home/bagnascojhoel/mycode/clean-code-architecture/test/integration/infrastructure/presentation/rest/constants.ts","statementMap":{"0":{"start":{"line":1,"column":13},"end":{"line":1,"column":null}}},"fnMap":{},"branchMap":{},"s":{"0":1},"f":{},"b":{}}
,"/home/bagnascojhoel/mycode/clean-code-architecture/test/object-mother/AddressMother.ts": {"path":"/home/bagnascojhoel/mycode/clean-code-architecture/test/object-mother/AddressMother.ts","statementMap":{"0":{"start":{"line":1,"column":0},"end":{"line":1,"column":54}},"1":{"start":{"line":5,"column":4},"end":{"line":5,"column":25}},"2":{"start":{"line":9,"column":4},"end":{"line":9,"column":25}},"3":{"start":{"line":12,"column":0},"end":{"line":12,"column":61}}},"fnMap":{"0":{"name":"createRubensAddress","decl":{"start":{"line":4,"column":9},"end":{"line":4,"column":28}},"loc":{"start":{"line":4,"column":28},"end":{"line":6,"column":1}}},"1":{"name":"createDouglasAddress","decl":{"start":{"line":8,"column":9},"end":{"line":8,"column":29}},"loc":{"start":{"line":8,"column":29},"end":{"line":10,"column":1}}}},"branchMap":{},"s":{"0":2,"1":8,"2":7,"3":2},"f":{"0":8,"1":7},"b":{}}
,"/home/bagnascojhoel/mycode/clean-code-architecture/test/object-mother/CouponMother.ts": {"path":"/home/bagnascojhoel/mycode/clean-code-architecture/test/object-mother/CouponMother.ts","statementMap":{"0":{"start":{"line":1,"column":0},"end":{"line":1,"column":33}},"1":{"start":{"line":2,"column":0},"end":{"line":2,"column":33}},"2":{"start":{"line":3,"column":0},"end":{"line":3,"column":52}},"3":{"start":{"line":6,"column":4},"end":{"line":6,"column":null}},"4":{"start":{"line":10,"column":4},"end":{"line":10,"column":null}},"5":{"start":{"line":13,"column":0},"end":{"line":13,"column":null}}},"fnMap":{"0":{"name":"create12OffUntilJanuary2020","decl":{"start":{"line":5,"column":9},"end":{"line":5,"column":36}},"loc":{"start":{"line":5,"column":36},"end":{"line":7,"column":1}}},"1":{"name":"create10OffUntilJanuary2023","decl":{"start":{"line":9,"column":9},"end":{"line":9,"column":36}},"loc":{"start":{"line":9,"column":36},"end":{"line":11,"column":1}}}},"branchMap":{},"s":{"0":3,"1":3,"2":3,"3":3,"4":1,"5":3},"f":{"0":3,"1":1},"b":{}}
,"/home/bagnascojhoel/mycode/clean-code-architecture/test/object-mother/CpfMother.ts": {"path":"/home/bagnascojhoel/mycode/clean-code-architecture/test/object-mother/CpfMother.ts","statementMap":{"0":{"start":{"line":2,"column":4},"end":{"line":2,"column":null}},"1":{"start":{"line":5,"column":0},"end":{"line":5,"column":null}}},"fnMap":{"0":{"name":"createOfRubens","decl":{"start":{"line":1,"column":9},"end":{"line":1,"column":23}},"loc":{"start":{"line":1,"column":23},"end":{"line":3,"column":1}}}},"branchMap":{},"s":{"0":7,"1":3},"f":{"0":7},"b":{}}
,"/home/bagnascojhoel/mycode/clean-code-architecture/test/object-mother/DateTimeMother.ts": {"path":"/home/bagnascojhoel/mycode/clean-code-architecture/test/object-mother/DateTimeMother.ts","statementMap":{"0":{"start":{"line":1,"column":0},"end":{"line":1,"column":33}},"1":{"start":{"line":4,"column":4},"end":{"line":4,"column":42}},"2":{"start":{"line":7,"column":0},"end":{"line":7,"column":null}}},"fnMap":{"0":{"name":"createDouglasBirthdayAt2022","decl":{"start":{"line":3,"column":9},"end":{"line":3,"column":36}},"loc":{"start":{"line":3,"column":36},"end":{"line":5,"column":1}}}},"branchMap":{},"s":{"0":8,"1":25,"2":8},"f":{"0":25},"b":{}}
,"/home/bagnascojhoel/mycode/clean-code-architecture/test/object-mother/FreightMother.ts": {"path":"/home/bagnascojhoel/mycode/clean-code-architecture/test/object-mother/FreightMother.ts","statementMap":{"0":{"start":{"line":1,"column":0},"end":{"line":1,"column":33}},"1":{"start":{"line":2,"column":0},"end":{"line":2,"column":54}},"2":{"start":{"line":3,"column":0},"end":{"line":3,"column":44}},"3":{"start":{"line":4,"column":0},"end":{"line":4,"column":56}},"4":{"start":{"line":7,"column":4},"end":{"line":12,"column":6}},"5":{"start":{"line":15,"column":0},"end":{"line":15,"column":55}}},"fnMap":{"0":{"name":"createTenCamerasFromDouglasToRubens","decl":{"start":{"line":6,"column":9},"end":{"line":6,"column":44}},"loc":{"start":{"line":6,"column":44},"end":{"line":13,"column":1}}}},"branchMap":{},"s":{"0":1,"1":1,"2":1,"3":1,"4":4,"5":1},"f":{"0":4},"b":{}}
,"/home/bagnascojhoel/mycode/clean-code-architecture/test/object-mother/FreightableItemMother.ts": {"path":"/home/bagnascojhoel/mycode/clean-code-architecture/test/object-mother/FreightableItemMother.ts","statementMap":{"0":{"start":{"line":2,"column":0},"end":{"line":2,"column":70}},"1":{"start":{"line":3,"column":0},"end":{"line":3,"column":66}},"2":{"start":{"line":6,"column":4},"end":{"line":6,"column":null}},"3":{"start":{"line":9,"column":0},"end":{"line":9,"column":36}}},"fnMap":{"0":{"name":"createTenCameras","decl":{"start":{"line":5,"column":9},"end":{"line":5,"column":25}},"loc":{"start":{"line":5,"column":25},"end":{"line":7,"column":1}}}},"branchMap":{},"s":{"0":2,"1":2,"2":8,"3":2},"f":{"0":8},"b":{}}
,"/home/bagnascojhoel/mycode/clean-code-architecture/test/object-mother/OrderMother.ts": {"path":"/home/bagnascojhoel/mycode/clean-code-architecture/test/object-mother/OrderMother.ts","statementMap":{"0":{"start":{"line":1,"column":0},"end":{"line":1,"column":33}},"1":{"start":{"line":2,"column":0},"end":{"line":2,"column":56}},"2":{"start":{"line":3,"column":0},"end":{"line":3,"column":64}},"3":{"start":{"line":4,"column":0},"end":{"line":4,"column":64}},"4":{"start":{"line":5,"column":0},"end":{"line":5,"column":56}},"5":{"start":{"line":8,"column":23},"end":{"line":8,"column":81}},"6":{"start":{"line":9,"column":4},"end":{"line":14,"column":6}},"7":{"start":{"line":17,"column":0},"end":{"line":17,"column":null}}},"fnMap":{"0":{"name":"createRubensOrder","decl":{"start":{"line":7,"column":9},"end":{"line":7,"column":26}},"loc":{"start":{"line":7,"column":26},"end":{"line":15,"column":1}}}},"branchMap":{},"s":{"0":5,"1":5,"2":5,"3":5,"4":5,"5":15,"6":15,"7":5},"f":{"0":15},"b":{}}
,"/home/bagnascojhoel/mycode/clean-code-architecture/test/object-mother/PhysicalAttributesMother.ts": {"path":"/home/bagnascojhoel/mycode/clean-code-architecture/test/object-mother/PhysicalAttributesMother.ts","statementMap":{"0":{"start":{"line":1,"column":0},"end":{"line":1,"column":91}},"1":{"start":{"line":2,"column":0},"end":{"line":2,"column":96}},"2":{"start":{"line":3,"column":0},"end":{"line":3,"column":84}},"3":{"start":{"line":4,"column":0},"end":{"line":4,"column":86}},"4":{"start":{"line":7,"column":4},"end":{"line":12,"column":6}},"5":{"start":{"line":16,"column":4},"end":{"line":21,"column":6}},"6":{"start":{"line":24,"column":0},"end":{"line":24,"column":null}}},"fnMap":{"0":{"name":"createCamera","decl":{"start":{"line":6,"column":9},"end":{"line":6,"column":21}},"loc":{"start":{"line":6,"column":21},"end":{"line":13,"column":1}}},"1":{"name":"createFridge","decl":{"start":{"line":15,"column":9},"end":{"line":15,"column":21}},"loc":{"start":{"line":15,"column":21},"end":{"line":22,"column":1}}}},"branchMap":{},"s":{"0":14,"1":14,"2":14,"3":14,"4":47,"5":3,"6":14},"f":{"0":47,"1":3},"b":{}}
,"/home/bagnascojhoel/mycode/clean-code-architecture/test/object-mother/WarehouseItemMother.ts": {"path":"/home/bagnascojhoel/mycode/clean-code-architecture/test/object-mother/WarehouseItemMother.ts","statementMap":{"0":{"start":{"line":2,"column":0},"end":{"line":2,"column":76}},"1":{"start":{"line":3,"column":0},"end":{"line":3,"column":66}},"2":{"start":{"line":6,"column":4},"end":{"line":10,"column":6}},"3":{"start":{"line":14,"column":4},"end":{"line":18,"column":null}},"4":{"start":{"line":21,"column":0},"end":{"line":21,"column":null}}},"fnMap":{"0":{"name":"createCamera","decl":{"start":{"line":5,"column":9},"end":{"line":5,"column":21}},"loc":{"start":{"line":5,"column":21},"end":{"line":11,"column":1}}},"1":{"name":"createFridge","decl":{"start":{"line":13,"column":9},"end":{"line":13,"column":21}},"loc":{"start":{"line":13,"column":21},"end":{"line":19,"column":1}}}},"branchMap":{},"s":{"0":12,"1":12,"2":38,"3":3,"4":12},"f":{"0":38,"1":3},"b":{}}
,"/home/bagnascojhoel/mycode/clean-code-architecture/test/object-mother/WarehousePriceEntryMother.ts": {"path":"/home/bagnascojhoel/mycode/clean-code-architecture/test/object-mother/WarehousePriceEntryMother.ts","statementMap":{"0":{"start":{"line":1,"column":0},"end":{"line":1,"column":33}},"1":{"start":{"line":2,"column":0},"end":{"line":2,"column":33}},"2":{"start":{"line":3,"column":0},"end":{"line":3,"column":88}},"3":{"start":{"line":4,"column":0},"end":{"line":4,"column":56}},"4":{"start":{"line":7,"column":4},"end":{"line":11,"column":null}},"5":{"start":{"line":14,"column":0},"end":{"line":16,"column":null}}},"fnMap":{"0":{"name":"createCameraPriceEntry2020","decl":{"start":{"line":6,"column":9},"end":{"line":6,"column":35}},"loc":{"start":{"line":6,"column":35},"end":{"line":12,"column":1}}}},"branchMap":{},"s":{"0":2,"1":2,"2":2,"3":2,"4":3,"5":2},"f":{"0":3},"b":{}}
}
