TN:
SF:knexfile.ts
FNF:0
FNH:0
DA:3,12
DA:54,12
LF:2
LH:2
BRF:0
BRH:0
end_of_record
TN:
SF:src/application/use-case/CancellOrderUseCase.ts
FN:9,(anonymous_0)
FN:13,(anonymous_1)
FNF:2
FNH:2
FNDA:1,(anonymous_0)
FNDA:3,(anonymous_1)
DA:1,1
DA:6,1
DA:10,1
DA:14,3
DA:15,3
DA:16,1
DA:17,1
DA:19,2
DA:20,2
DA:21,2
LF:10
LH:10
BRDA:15,0,0,1
BRF:1
BRH:1
end_of_record
TN:
SF:src/application/use-case/ChangeWarehouseItemPriceUseCase.ts
FN:13,(anonymous_1)
FN:18,(anonymous_2)
FNF:2
FNH:2
FNDA:2,(anonymous_1)
FNDA:2,(anonymous_2)
DA:4,1
DA:9,1
DA:14,2
DA:15,2
DA:19,2
DA:20,2
DA:21,1
DA:22,1
LF:8
LH:8
BRDA:20,0,0,1
BRF:1
BRH:1
end_of_record
TN:
SF:src/application/use-case/FetchOrderUseCase.ts
FN:10,(anonymous_1)
FN:14,(anonymous_2)
FNF:2
FNH:2
FNDA:1,(anonymous_1)
FNDA:2,(anonymous_2)
DA:3,1
DA:7,1
DA:10,1
DA:11,1
DA:15,2
DA:16,2
DA:17,1
LF:7
LH:7
BRDA:16,0,0,1
BRDA:16,0,1,1
BRF:2
BRH:2
end_of_record
TN:
SF:src/application/use-case/ListOrdersUseCase.ts
FN:8,(anonymous_0)
FN:12,(anonymous_1)
FNF:2
FNH:2
FNDA:1,(anonymous_0)
FNDA:2,(anonymous_1)
DA:5,1
DA:8,1
DA:9,1
DA:13,2
DA:14,2
LF:5
LH:5
BRF:0
BRH:0
end_of_record
TN:
SF:src/application/use-case/PlaceOrderUseCase.ts
FN:20,(anonymous_1)
FN:28,(anonymous_2)
FN:39,(anonymous_3)
FN:46,(anonymous_4)
FN:47,(anonymous_5)
FN:50,(anonymous_6)
FNF:6
FNH:6
FNDA:5,(anonymous_1)
FNDA:6,(anonymous_2)
FNDA:2,(anonymous_3)
FNDA:6,(anonymous_4)
FNDA:6,(anonymous_5)
FNDA:5,(anonymous_6)
DA:1,2
DA:2,2
DA:4,2
DA:5,2
DA:6,2
DA:14,2
DA:20,5
DA:21,5
DA:22,5
DA:23,5
DA:24,5
DA:29,6
DA:30,5
DA:31,5
DA:32,5
DA:33,5
DA:34,5
DA:35,5
DA:36,4
DA:40,2
DA:41,2
DA:42,1
DA:43,1
DA:47,6
DA:48,6
DA:49,6
DA:50,5
LF:27
LH:27
BRDA:35,0,0,2
BRDA:41,1,0,1
BRDA:49,2,0,1
BRF:3
BRH:3
end_of_record
TN:
SF:src/application/use-case/SimulateFreightUseCase.ts
FN:15,(anonymous_1)
FN:19,(anonymous_2)
FN:20,(anonymous_3)
FN:23,(anonymous_4)
FN:24,(anonymous_5)
FNF:5
FNH:5
FNDA:1,(anonymous_1)
FNDA:1,(anonymous_2)
FNDA:2,(anonymous_3)
FNDA:2,(anonymous_4)
FNDA:3,(anonymous_5)
DA:1,1
DA:2,1
DA:3,1
DA:4,1
DA:9,1
DA:10,1
DA:11,1
DA:12,1
DA:15,1
DA:16,1
DA:20,2
DA:21,1
DA:22,1
DA:23,1
DA:24,3
DA:25,2
DA:26,2
DA:28,1
DA:29,1
LF:19
LH:19
BRDA:25,0,0,2
BRF:1
BRH:1
end_of_record
TN:
SF:src/application/use-case/ValidateCouponUseCase.ts
FN:8,(anonymous_0)
FN:12,(anonymous_1)
FNF:2
FNH:2
FNDA:1,(anonymous_0)
FNDA:3,(anonymous_1)
DA:1,1
DA:5,1
DA:8,1
DA:9,1
DA:13,3
DA:14,3
DA:15,2
LF:7
LH:7
BRDA:14,0,0,1
BRF:1
BRH:1
end_of_record
TN:
SF:src/domain/entity/Address.ts
FN:6,(anonymous_1)
FN:10,(anonymous_2)
FNF:2
FNH:2
FNDA:20,(anonymous_1)
FNDA:4,(anonymous_2)
DA:1,4
DA:2,4
DA:4,4
DA:11,4
LF:4
LH:4
BRF:0
BRH:0
end_of_record
TN:
SF:src/domain/entity/AppliedCoupon.ts
FN:5,(anonymous_0)
FNF:1
FNH:1
FNDA:3,(anonymous_0)
DA:4,3
DA:6,3
DA:7,3
LF:3
LH:3
BRF:0
BRH:0
end_of_record
TN:
SF:src/domain/entity/Coupon.ts
FN:6,(anonymous_1)
FN:19,(anonymous_2)
FN:23,(anonymous_3)
FN:27,(anonymous_4)
FN:31,(anonymous_5)
FNF:5
FNH:5
FNDA:21,(anonymous_1)
FNDA:21,(anonymous_2)
FNDA:3,(anonymous_3)
FNDA:2,(anonymous_4)
FNDA:9,(anonymous_5)
DA:1,12
DA:4,12
DA:7,21
DA:8,21
DA:9,21
DA:11,21
DA:12,20
DA:13,19
DA:14,18
DA:15,18
DA:16,18
DA:20,21
DA:24,3
DA:28,2
DA:32,9
LF:15
LH:15
BRDA:11,0,0,1
BRDA:12,1,0,1
BRDA:13,2,0,1
BRDA:24,3,0,0
BRDA:24,3,1,3
BRF:5
BRH:4
end_of_record
TN:
SF:src/domain/entity/Cpf.ts
FN:6,(anonymous_0)
FN:12,(anonymous_1)
FN:17,(anonymous_2)
FN:21,(anonymous_3)
FN:31,(anonymous_4)
FN:35,(anonymous_5)
FN:39,(anonymous_6)
FN:40,(anonymous_7)
FNF:8
FNH:8
FNDA:43,(anonymous_0)
FNDA:44,(anonymous_1)
FNDA:21,(anonymous_2)
FNDA:40,(anonymous_3)
FNDA:74,(anonymous_4)
FNDA:40,(anonymous_5)
FNDA:38,(anonymous_6)
FNDA:103,(anonymous_7)
DA:1,13
DA:3,13
DA:7,43
DA:8,40
DA:9,34
DA:13,44
DA:14,43
DA:18,21
DA:22,40
DA:23,40
DA:24,38
DA:25,37
DA:26,37
DA:27,35
DA:28,35
DA:32,74
DA:36,40
DA:40,103
LF:18
LH:18
BRDA:7,0,0,3
BRDA:8,1,0,6
BRDA:13,2,0,1
BRDA:23,3,0,2
BRDA:24,4,0,1
BRDA:26,5,0,2
BRF:6
BRH:6
end_of_record
TN:
SF:src/domain/entity/CpfVerifierDigit.ts
FN:5,(anonymous_0)
FN:10,(anonymous_1)
FN:15,(anonymous_2)
FNF:3
FNH:3
FNDA:75,(anonymous_0)
FNDA:76,(anonymous_1)
FNDA:76,(anonymous_2)
DA:1,14
DA:6,75
DA:7,75
DA:11,76
DA:12,76
DA:16,76
DA:17,76
DA:18,719
DA:20,76
DA:21,76
LF:10
LH:10
BRDA:17,0,0,795
BRDA:17,0,1,795
BRDA:21,1,0,5
BRDA:21,1,1,71
BRF:4
BRH:4
end_of_record
TN:
SF:src/domain/entity/Freight.ts
FN:10,(anonymous_1)
FN:22,(anonymous_2)
FN:23,(anonymous_3)
FNF:3
FNH:3
FNDA:9,(anonymous_1)
FNDA:6,(anonymous_2)
FNDA:7,(anonymous_3)
DA:1,3
DA:5,3
DA:7,3
DA:11,9
DA:12,9
DA:13,9
DA:16,9
DA:17,9
DA:18,9
DA:19,9
DA:23,6
DA:24,7
DA:25,7
DA:26,7
DA:27,7
DA:29,6
DA:30,6
DA:31,6
LF:18
LH:18
BRDA:31,0,0,5
BRDA:31,0,1,1
BRF:2
BRH:2
end_of_record
TN:
SF:src/domain/entity/FreightableItem.ts
FN:4,(anonymous_0)
FNF:1
FNH:1
FNDA:10,(anonymous_0)
DA:3,3
DA:4,10
LF:2
LH:2
BRF:0
BRH:0
end_of_record
TN:
SF:src/domain/entity/order/Order.ts
FN:10,(anonymous_1)
FN:24,(anonymous_2)
FN:28,(anonymous_3)
FN:36,(anonymous_4)
FNF:4
FNH:4
FNDA:33,(anonymous_1)
FNDA:7,(anonymous_2)
FNDA:32,(anonymous_3)
FNDA:23,(anonymous_4)
DA:2,12
DA:6,12
DA:11,33
DA:12,33
DA:14,33
DA:16,33
DA:17,32
DA:18,31
DA:19,31
DA:20,30
DA:21,30
DA:25,7
DA:29,32
DA:30,32
DA:31,34
DA:32,33
DA:33,31
DA:37,23
LF:18
LH:18
BRDA:16,0,0,1
BRDA:17,1,0,1
BRDA:31,2,0,1
BRDA:31,2,1,33
BRF:4
BRH:4
end_of_record
TN:
SF:src/domain/entity/order/OrderCode.ts
FN:9,(anonymous_1)
FN:16,(anonymous_2)
FN:22,(anonymous_3)
FN:26,(anonymous_4)
FNF:4
FNH:4
FNDA:33,(anonymous_1)
FNDA:6,(anonymous_2)
FNDA:59,(anonymous_3)
FNDA:30,(anonymous_4)
DA:1,13
DA:4,13
DA:6,13
DA:10,33
DA:11,32
DA:12,31
DA:13,30
DA:17,6
DA:18,6
DA:19,6
DA:23,59
DA:27,30
DA:28,30
LF:13
LH:13
BRDA:10,0,0,1
BRDA:11,1,0,1
BRDA:12,2,0,1
BRF:3
BRH:3
end_of_record
TN:
SF:src/domain/entity/order/OrderItem.ts
FN:4,(anonymous_0)
FNF:1
FNH:1
FNDA:37,(anonymous_0)
DA:3,13
DA:5,37
DA:6,37
DA:8,37
LF:4
LH:4
BRDA:8,0,0,2
BRF:1
BRH:1
end_of_record
TN:
SF:src/domain/entity/physical-attributes/MeasureUnit.ts
FNF:0
FNH:0
DA:1,19
DA:16,19
DA:35,19
DA:50,19
LF:4
LH:4
BRF:0
BRH:0
end_of_record
TN:
SF:src/domain/entity/physical-attributes/PhysicalAttributes.ts
FN:8,(anonymous_1)
FN:21,(anonymous_2)
FN:27,(anonymous_3)
FN:35,(anonymous_4)
FN:37,(anonymous_5)
FNF:5
FNH:5
FNDA:59,(anonymous_1)
FNDA:8,(anonymous_2)
FNDA:16,(anonymous_3)
FNDA:59,(anonymous_4)
FNDA:177,(anonymous_5)
DA:1,16
DA:2,16
DA:3,16
DA:6,16
DA:9,59
DA:10,59
DA:11,59
DA:12,59
DA:14,59
DA:15,58
DA:16,58
DA:17,58
DA:18,58
DA:22,8
DA:23,8
DA:24,8
DA:28,16
DA:31,16
DA:36,59
DA:37,177
LF:20
LH:20
BRDA:14,0,0,1
BRF:1
BRH:1
end_of_record
TN:
SF:src/domain/entity/physical-attributes/SpaceMeasure.ts
FN:9,(anonymous_1)
FN:15,(anonymous_2)
FN:22,(anonymous_3)
FNF:3
FNH:3
FNDA:329,(anonymous_1)
FNDA:119,(anonymous_2)
FNDA:329,(anonymous_3)
DA:1,18
DA:2,18
DA:4,18
DA:10,329
DA:11,329
DA:12,329
DA:16,119
DA:17,115
DA:18,115
DA:19,115
DA:23,329
DA:24,329
DA:25,324
DA:26,329
LF:14
LH:14
BRDA:16,0,0,4
BRDA:24,1,0,5
BRDA:24,1,1,324
BRDA:25,2,0,20
BRF:4
BRH:4
end_of_record
TN:
SF:src/domain/entity/physical-attributes/WeightMeasure.ts
FN:7,(anonymous_1)
FN:12,(anonymous_2)
FNF:2
FNH:2
FNDA:94,(anonymous_1)
FNDA:31,(anonymous_2)
DA:1,17
DA:4,17
DA:7,94
DA:8,94
DA:9,94
DA:13,31
DA:14,31
DA:15,31
LF:8
LH:8
BRF:0
BRH:0
end_of_record
TN:
SF:src/domain/entity/warehouse/WarehouseItem.ts
FN:4,(anonymous_0)
FNF:1
FNH:1
FNDA:47,(anonymous_0)
DA:3,14
DA:5,47
DA:6,47
DA:7,47
DA:9,47
DA:10,47
DA:11,47
LF:7
LH:7
BRF:0
BRH:0
end_of_record
TN:
SF:src/domain/entity/warehouse/WarehousePriceEntry.ts
FN:10,(anonymous_0)
FN:16,(anonymous_1)
FN:20,(anonymous_2)
FNF:3
FNH:3
FNDA:18,(anonymous_0)
FNDA:18,(anonymous_1)
FNDA:9,(anonymous_2)
DA:5,11
DA:11,18
DA:12,18
DA:13,18
DA:17,18
DA:21,9
LF:6
LH:6
BRF:0
BRH:0
end_of_record
TN:
SF:src/domain/service/OrderPriceCalculator.ts
FN:11,(anonymous_1)
FN:20,(anonymous_2)
FN:27,(anonymous_3)
FN:30,(anonymous_4)
FNF:4
FNH:4
FNDA:4,(anonymous_1)
FNDA:2,(anonymous_2)
FNDA:4,(anonymous_3)
FNDA:4,(anonymous_4)
DA:1,1
DA:8,1
DA:12,4
DA:13,4
DA:14,4
DA:15,4
DA:17,4
DA:21,2
DA:22,2
DA:23,2
DA:24,2
DA:28,4
DA:29,4
DA:30,4
DA:31,4
DA:32,2
DA:33,2
DA:35,0
LF:18
LH:17
BRDA:23,0,0,2
BRDA:23,0,1,1
BRDA:31,1,0,2
BRDA:31,2,0,4
BRDA:31,2,1,3
BRF:5
BRH:5
end_of_record
TN:
SF:src/domain/service/WarehousePriceResolver.ts
FN:7,(anonymous_0)
FN:8,(anonymous_1)
FN:17,(anonymous_2)
FNF:3
FNH:3
FNDA:3,(anonymous_0)
FNDA:4,(anonymous_1)
FNDA:1,(anonymous_2)
DA:6,1
DA:8,3
DA:9,4
DA:13,3
DA:14,1
DA:18,1
DA:19,0
LF:7
LH:6
BRDA:9,0,0,1
BRDA:9,0,1,3
BRDA:9,1,0,4
BRDA:9,1,1,3
BRDA:13,2,0,2
BRDA:18,3,0,1
BRDA:19,4,0,0
BRDA:19,4,1,0
BRF:8
BRH:6
end_of_record
TN:
SF:src/infrastructure/database/DatabaseConnectionKnexAdapter.ts
FN:9,(anonymous_1)
FN:14,(anonymous_2)
FN:18,(anonymous_3)
FN:22,(anonymous_4)
FN:26,(anonymous_5)
FNF:5
FNH:4
FNDA:13,(anonymous_1)
FNDA:117,(anonymous_2)
FNDA:0,(anonymous_3)
FNDA:280,(anonymous_4)
FNDA:12,(anonymous_5)
DA:2,12
DA:4,12
DA:6,12
DA:10,13
DA:11,13
DA:15,117
DA:19,0
DA:23,280
DA:27,12
LF:9
LH:8
BRDA:11,0,0,13
BRDA:11,0,1,0
BRF:2
BRH:1
end_of_record
TN:
SF:src/infrastructure/database/DatabaseConnectionKnexProperties.ts
FN:5,(anonymous_1)
FNF:1
FNH:1
FNDA:13,(anonymous_1)
DA:1,12
DA:3,12
DA:6,13
DA:8,13
DA:11,0
LF:5
LH:4
BRDA:6,0,0,13
BRDA:6,0,1,0
BRDA:6,0,2,0
BRF:3
BRH:1
end_of_record
TN:
SF:src/infrastructure/database/repository/AppliedCouponRepositoryDatabase.ts
FN:6,(anonymous_0)
FN:10,(anonymous_1)
FNF:2
FNH:2
FNDA:3,(anonymous_0)
FNDA:3,(anonymous_1)
DA:5,9
DA:6,3
DA:7,3
DA:11,3
DA:12,3
DA:13,2
DA:14,2
LF:7
LH:7
BRDA:12,0,0,1
BRF:1
BRH:1
end_of_record
TN:
SF:src/infrastructure/database/repository/CouponRepositoryDatabase.ts
FN:8,(anonymous_1)
FN:12,(anonymous_2)
FN:18,(anonymous_3)
FNF:3
FNH:3
FNDA:5,(anonymous_1)
FNDA:6,(anonymous_2)
FNDA:7,(anonymous_3)
DA:1,10
DA:2,10
DA:3,10
DA:7,10
DA:8,5
DA:9,5
DA:13,6
DA:14,6
DA:15,6
DA:19,7
DA:20,7
DA:22,7
LF:12
LH:12
BRDA:22,0,0,4
BRDA:22,0,1,3
BRF:2
BRH:2
end_of_record
TN:
SF:src/infrastructure/database/repository/DatabaseRepositoryFactory.ts
FN:24,(anonymous_1)
FN:26,(anonymous_2)
FN:32,(anonymous_3)
FN:38,(anonymous_4)
FN:44,(anonymous_5)
FN:50,(anonymous_6)
FN:56,(anonymous_7)
FNF:7
FNH:6
FNDA:8,(anonymous_1)
FNDA:11,(anonymous_2)
FNDA:5,(anonymous_3)
FNDA:7,(anonymous_4)
FNDA:14,(anonymous_5)
FNDA:4,(anonymous_6)
FNDA:0,(anonymous_7)
DA:9,8
DA:10,8
DA:11,8
DA:12,8
DA:13,8
DA:14,8
DA:16,8
DA:24,8
DA:27,11
DA:28,4
DA:29,11
DA:33,5
DA:34,2
DA:35,5
DA:39,7
DA:40,3
DA:41,7
DA:45,14
DA:46,7
DA:47,14
DA:51,4
DA:52,2
DA:53,4
DA:57,0
DA:58,0
DA:59,0
LF:26
LH:23
BRDA:27,0,0,4
BRDA:33,1,0,2
BRDA:39,2,0,3
BRDA:45,3,0,7
BRDA:51,4,0,2
BRDA:57,5,0,0
BRF:6
BRH:5
end_of_record
TN:
SF:src/infrastructure/database/repository/OrderRepositoryDatabase.ts
FN:45,(anonymous_1)
FN:49,(anonymous_2)
FN:56,(anonymous_3)
FN:76,(anonymous_4)
FN:82,(anonymous_5)
FN:103,(anonymous_6)
FN:116,(anonymous_7)
FN:127,(anonymous_8)
FN:143,(anonymous_9)
FN:144,(anonymous_10)
FN:163,(anonymous_11)
FNF:11
FNH:11
FNDA:9,(anonymous_1)
FNDA:3,(anonymous_2)
FNDA:17,(anonymous_3)
FNDA:7,(anonymous_4)
FNDA:8,(anonymous_5)
FNDA:3,(anonymous_6)
FNDA:5,(anonymous_7)
FNDA:17,(anonymous_8)
FNDA:3,(anonymous_9)
FNDA:2,(anonymous_10)
FNDA:7,(anonymous_11)
DA:1,10
DA:2,10
DA:3,10
DA:4,10
DA:8,10
DA:9,10
DA:11,10
DA:17,10
DA:42,10
DA:46,9
DA:50,3
DA:53,3
DA:57,17
DA:63,17
DA:72,17
DA:73,17
DA:77,7
DA:78,7
DA:79,7
DA:83,8
DA:88,8
DA:89,8
DA:90,5
DA:92,5
DA:98,5
DA:99,2
DA:100,5
DA:104,3
DA:112,3
DA:113,3
DA:117,5
DA:123,5
DA:124,5
DA:128,17
DA:133,17
DA:134,17
DA:135,17
DA:136,17
DA:137,17
DA:139,17
DA:140,17
DA:144,3
DA:145,2
DA:146,2
DA:147,2
DA:149,3
DA:150,3
DA:151,2
DA:152,2
DA:153,2
DA:160,3
DA:164,7
LF:52
LH:52
BRDA:69,0,0,17
BRDA:69,0,1,16
BRDA:89,1,0,3
BRDA:98,2,0,2
BRDA:146,3,0,2
BRDA:146,3,1,0
BRF:6
BRH:5
end_of_record
TN:
SF:src/infrastructure/database/repository/WarehouseItemRepositoryDatabase.ts
FN:21,(anonymous_1)
FN:25,(anonymous_2)
FN:52,(anonymous_3)
FN:62,(anonymous_4)
FN:63,(anonymous_5)
FN:73,(anonymous_6)
FN:79,(anonymous_7)
FNF:7
FNH:7
FNDA:9,(anonymous_1)
FNDA:21,(anonymous_2)
FNDA:2,(anonymous_3)
FNDA:2,(anonymous_4)
FNDA:4,(anonymous_5)
FNDA:10,(anonymous_6)
FNDA:5,(anonymous_7)
DA:1,10
DA:2,10
DA:3,10
DA:4,10
DA:5,10
DA:9,10
DA:10,10
DA:19,10
DA:21,9
DA:22,9
DA:26,21
DA:39,21
DA:53,2
DA:58,2
DA:59,2
DA:63,4
DA:64,2
DA:69,2
DA:74,10
DA:75,10
DA:76,10
DA:82,5
DA:88,5
LF:23
LH:23
BRDA:59,0,0,1
BRDA:59,0,1,1
BRF:2
BRH:2
end_of_record
TN:
SF:src/infrastructure/database/repository/WarehousePriceEntryRepositoryDatabase.ts
FN:8,(anonymous_1)
FN:10,(anonymous_2)
FN:18,(anonymous_3)
FN:31,(anonymous_4)
FNF:4
FNH:4
FNDA:2,(anonymous_1)
FNDA:4,(anonymous_2)
FNDA:2,(anonymous_3)
FNDA:2,(anonymous_4)
DA:1,8
DA:2,8
DA:3,8
DA:7,8
DA:8,2
DA:11,4
DA:14,4
DA:15,4
DA:19,2
DA:30,2
DA:31,2
LF:11
LH:11
BRF:0
BRH:0
end_of_record
TN:
SF:src/infrastructure/database/repository/WarehouseStockEntryRepositoryDatabase.ts
FN:7,(anonymous_0)
FN:9,(anonymous_1)
FNF:2
FNH:0
FNDA:0,(anonymous_0)
FNDA:0,(anonymous_1)
DA:5,8
DA:7,0
DA:10,0
LF:3
LH:1
BRF:0
BRH:0
end_of_record
TN:
SF:src/infrastructure/rest/dto/ErrorDto.ts
FN:2,(anonymous_0)
FN:6,(anonymous_1)
FNF:2
FNH:0
FNDA:0,(anonymous_0)
FNDA:0,(anonymous_1)
DA:1,1
DA:2,0
DA:3,0
DA:7,0
LF:4
LH:1
BRDA:3,0,0,0
BRDA:3,1,0,0
BRDA:3,1,1,0
BRF:3
BRH:0
end_of_record
TN:
SF:test/integration/cleanUpDatabase.ts
FN:3,cleanUpDatabase
FNF:1
FNH:1
FNDA:34,cleanUpDatabase
DA:3,10
DA:4,34
LF:2
LH:2
BRF:0
BRH:0
end_of_record
TN:
SF:test/integration/infrastructure/presentation/rest/constants.ts
FNF:0
FNH:0
DA:1,1
LF:1
LH:1
BRF:0
BRH:0
end_of_record
TN:
SF:test/object-mother/AddressMother.ts
FN:4,createRubensAddress
FN:8,createDouglasAddress
FNF:2
FNH:2
FNDA:8,createRubensAddress
FNDA:7,createDouglasAddress
DA:1,2
DA:5,8
DA:9,7
DA:12,2
LF:4
LH:4
BRF:0
BRH:0
end_of_record
TN:
SF:test/object-mother/CouponMother.ts
FN:5,create12OffUntilJanuary2020
FN:9,create10OffUntilJanuary2023
FNF:2
FNH:2
FNDA:3,create12OffUntilJanuary2020
FNDA:1,create10OffUntilJanuary2023
DA:1,3
DA:2,3
DA:3,3
DA:6,3
DA:10,1
DA:13,3
LF:6
LH:6
BRF:0
BRH:0
end_of_record
TN:
SF:test/object-mother/CpfMother.ts
FN:1,createOfRubens
FNF:1
FNH:1
FNDA:7,createOfRubens
DA:2,7
DA:5,3
LF:2
LH:2
BRF:0
BRH:0
end_of_record
TN:
SF:test/object-mother/DateTimeMother.ts
FN:3,createDouglasBirthdayAt2022
FNF:1
FNH:1
FNDA:25,createDouglasBirthdayAt2022
DA:1,8
DA:4,25
DA:7,8
LF:3
LH:3
BRF:0
BRH:0
end_of_record
TN:
SF:test/object-mother/FreightMother.ts
FN:6,createTenCamerasFromDouglasToRubens
FNF:1
FNH:1
FNDA:4,createTenCamerasFromDouglasToRubens
DA:1,1
DA:2,1
DA:3,1
DA:4,1
DA:7,4
DA:15,1
LF:6
LH:6
BRF:0
BRH:0
end_of_record
TN:
SF:test/object-mother/FreightableItemMother.ts
FN:5,createTenCameras
FNF:1
FNH:1
FNDA:8,createTenCameras
DA:2,2
DA:3,2
DA:6,8
DA:9,2
LF:4
LH:4
BRF:0
BRH:0
end_of_record
TN:
SF:test/object-mother/OrderMother.ts
FN:7,createRubensOrder
FNF:1
FNH:1
FNDA:15,createRubensOrder
DA:1,5
DA:2,5
DA:3,5
DA:4,5
DA:5,5
DA:8,15
DA:9,15
DA:17,5
LF:8
LH:8
BRF:0
BRH:0
end_of_record
TN:
SF:test/object-mother/PhysicalAttributesMother.ts
FN:6,createCamera
FN:15,createFridge
FNF:2
FNH:2
FNDA:47,createCamera
FNDA:3,createFridge
DA:1,14
DA:2,14
DA:3,14
DA:4,14
DA:7,47
DA:16,3
DA:24,14
LF:7
LH:7
BRF:0
BRH:0
end_of_record
TN:
SF:test/object-mother/WarehouseItemMother.ts
FN:5,createCamera
FN:13,createFridge
FNF:2
FNH:2
FNDA:38,createCamera
FNDA:3,createFridge
DA:2,12
DA:3,12
DA:6,38
DA:14,3
DA:21,12
LF:5
LH:5
BRF:0
BRH:0
end_of_record
TN:
SF:test/object-mother/WarehousePriceEntryMother.ts
FN:6,createCameraPriceEntry2020
FNF:1
FNH:1
FNDA:3,createCameraPriceEntry2020
DA:1,2
DA:2,2
DA:3,2
DA:4,2
DA:7,3
DA:14,2
LF:6
LH:6
BRF:0
BRH:0
end_of_record
